#
# There is insufficient memory for the Java Runtime Environment to continue.
# Native memory allocation (malloc) failed to allocate 2056016 bytes for Chunk::new
# Possible reasons:
#   The system is out of physical RAM or swap space
#   The process is running with CompressedOops enabled, and the Java Heap may be blocking the growth of the native heap
# Possible solutions:
#   Reduce memory load on the system
#   Increase physical memory or swap space
#   Check if swap backing store is full
#   Decrease Java heap size (-Xmx/-Xms)
#   Decrease number of Java threads
#   Decrease Java thread stack sizes (-Xss)
#   Set larger code cache with -XX:ReservedCodeCacheSize=
#   JVM is running with Unscaled Compressed Oops mode in which the Java heap is
#     placed in the first 4GB address space. The Java Heap base address is the
#     maximum limit for the native heap growth. Please use -XX:HeapBaseMinAddress
#     to set the Java Heap base and to place the Java Heap above 4GB virtual address.
# This output file may be truncated or incomplete.
#
#  Out of Memory Error (./src/hotspot/share/memory/arena.cpp:197), pid=13836, tid=21124
#
# JRE version: OpenJDK Runtime Environment (11.0.13) (build 11.0.13+0-b1751.21-8125866)
# Java VM: OpenJDK 64-Bit Server VM (11.0.13+0-b1751.21-8125866, mixed mode, tiered, compressed oops, g1 gc, windows-amd64)
# No core dump will be written. Minidumps are not enabled by default on client versions of Windows
#

---------------  S U M M A R Y ------------

Command Line: --add-opens=java.base/java.util=ALL-UNNAMED --add-opens=java.base/java.lang=ALL-UNNAMED --add-opens=java.base/java.lang.invoke=ALL-UNNAMED --add-opens=java.prefs/java.util.prefs=ALL-UNNAMED -Xmx1536m -Dfile.encoding=x-windows-949 -Duser.country=KR -Duser.language=ko -Duser.variant org.gradle.launcher.daemon.bootstrap.GradleDaemon 5.4.1

Host: Intel(R) Core(TM) i7-3770K CPU @ 3.50GHz, 8 cores, 15G,  Windows 10 , 64 bit Build 19041 (10.0.19041.2251)
Time: Sun Nov 20 16:09:16 2022 대한민국 표준시 elapsed time: 543.626633 seconds (0d 0h 9m 3s)

---------------  T H R E A D  ---------------

Current thread (0x000001d21e2e0800):  JavaThread "C2 CompilerThread0" daemon [_thread_in_native, id=21124, stack(0x0000000144900000,0x0000000144a00000)]


Current CompileTask:
C2: 543626 18606   !   4       java.nio.file.FileTreeWalker::next (144 bytes)

Stack: [0x0000000144900000,0x0000000144a00000]
Native frames: (J=compiled Java code, j=interpreted, Vv=VM code, C=native code)
V  [jvm.dll+0x6100fa]
V  [jvm.dll+0x747090]
V  [jvm.dll+0x7486ad]
V  [jvm.dll+0x748d83]
V  [jvm.dll+0x24ab48]
V  [jvm.dll+0xc04dc]
V  [jvm.dll+0xc0a0c]
V  [jvm.dll+0x35eb5b]
V  [jvm.dll+0x32b833]
V  [jvm.dll+0x32ad2a]
V  [jvm.dll+0x2032b2]
V  [jvm.dll+0x202437]
V  [jvm.dll+0x188e01]
V  [jvm.dll+0x21106b]
V  [jvm.dll+0x20f8c1]
V  [jvm.dll+0x70de0f]
V  [jvm.dll+0x706a75]
V  [jvm.dll+0x60ed66]
C  [ucrtbase.dll+0x21bb2]
C  [KERNEL32.DLL+0x174b4]
C  [ntdll.dll+0x526a1]


---------------  P R O C E S S  ---------------

Threads class SMR info:
_java_thread_list=0x000001d22228eac0, length=76, elements={
0x000001d2028c9000, 0x000001d21e259000, 0x000001d21e264000, 0x000001d21e2d2000,
0x000001d21e2d3000, 0x000001d21e2d6000, 0x000001d21e2e0800, 0x000001d21e2e6800,
0x000001d21e2f0800, 0x000001d21e440000, 0x000001d21fb59000, 0x000001d21eda1000,
0x000001d21f3a4000, 0x000001d22053f800, 0x000001d220540800, 0x000001d220541800,
0x000001d2229a2800, 0x000001d22109e800, 0x000001d22109c800, 0x000001d22109f000,
0x000001d22109b000, 0x000001d2210a6800, 0x000001d2210a1800, 0x000001d2210a4000,
0x000001d2210a5800, 0x000001d2210a7800, 0x000001d2210a8000, 0x000001d2210a3800,
0x000001d2210a9000, 0x000001d2229a6000, 0x000001d2229a5000, 0x000001d2229a9800,
0x000001d2229a7000, 0x000001d2229a7800, 0x000001d2229a3800, 0x000001d2229aa000,
0x000001d2229a4800, 0x000001d2229ac800, 0x000001d2229af000, 0x000001d2229ab000,
0x000001d2229b0800, 0x000001d2229b1800, 0x000001d2229ad800, 0x000001d2229ab800,
0x000001d22053f000, 0x000001d220542000, 0x000001d226581800, 0x000001d226582800,
0x000001d226584000, 0x000001d226580000, 0x000001d22657e800, 0x000001d226581000,
0x000001d226585000, 0x000001d22657f000, 0x000001d226589000, 0x000001d226585800,
0x000001d226587800, 0x000001d22658c800, 0x000001d226588000, 0x000001d226586800,
0x000001d22658a000, 0x000001d22658a800, 0x000001d22658b800, 0x000001d2229b0000,
0x000001d22ade3800, 0x000001d22ade8800, 0x000001d22adea000, 0x000001d22ade9800,
0x000001d22ade5000, 0x000001d22ade4800, 0x000001d22adec000, 0x000001d22ade6000,
0x000001d2242bb800, 0x000001d2242b8000, 0x000001d22adeb000, 0x000001d22ade7800
}

Java Threads: ( => current thread )
  0x000001d2028c9000 JavaThread "main" [_thread_blocked, id=12176, stack(0x0000000143d00000,0x0000000143e00000)]
  0x000001d21e259000 JavaThread "Reference Handler" daemon [_thread_blocked, id=24480, stack(0x0000000144400000,0x0000000144500000)]
  0x000001d21e264000 JavaThread "Finalizer" daemon [_thread_blocked, id=1096, stack(0x0000000144500000,0x0000000144600000)]
  0x000001d21e2d2000 JavaThread "Signal Dispatcher" daemon [_thread_blocked, id=12852, stack(0x0000000144600000,0x0000000144700000)]
  0x000001d21e2d3000 JavaThread "Attach Listener" daemon [_thread_blocked, id=12876, stack(0x0000000144700000,0x0000000144800000)]
  0x000001d21e2d6000 JavaThread "Service Thread" daemon [_thread_blocked, id=17360, stack(0x0000000144800000,0x0000000144900000)]
=>0x000001d21e2e0800 JavaThread "C2 CompilerThread0" daemon [_thread_in_native, id=21124, stack(0x0000000144900000,0x0000000144a00000)]
  0x000001d21e2e6800 JavaThread "C1 CompilerThread0" daemon [_thread_in_native, id=13736, stack(0x0000000144a00000,0x0000000144b00000)]
  0x000001d21e2f0800 JavaThread "Sweeper thread" daemon [_thread_blocked, id=16456, stack(0x0000000144b00000,0x0000000144c00000)]
  0x000001d21e440000 JavaThread "Common-Cleaner" daemon [_thread_blocked, id=29584, stack(0x0000000144c00000,0x0000000144d00000)]
  0x000001d21fb59000 JavaThread "Daemon health stats" [_thread_blocked, id=27836, stack(0x0000000145400000,0x0000000145500000)]
  0x000001d21eda1000 JavaThread "Incoming local TCP Connector on port 60691" [_thread_in_native, id=18160, stack(0x0000000145500000,0x0000000145600000)]
  0x000001d21f3a4000 JavaThread "Daemon periodic checks" [_thread_blocked, id=4472, stack(0x0000000145600000,0x0000000145700000)]
  0x000001d22053f800 JavaThread "Cache worker for file hash cache (C:\Users\CG\.gradle\caches\5.4.1\fileHashes)" [_thread_blocked, id=28156, stack(0x0000000145e00000,0x0000000145f00000)]
  0x000001d220540800 JavaThread "File lock request listener" [_thread_in_native, id=20380, stack(0x0000000145f00000,0x0000000146000000)]
  0x000001d220541800 JavaThread "Cache worker for journal cache (C:\Users\CG\.gradle\caches\journal-1)" [_thread_blocked, id=23684, stack(0x0000000146000000,0x0000000146100000)]
  0x000001d2229a2800 JavaThread "Cache worker for execution history cache (C:\Users\CG\.gradle\caches\5.4.1\executionHistory)" [_thread_blocked, id=1092, stack(0x0000000146800000,0x0000000146900000)]
  0x000001d22109e800 JavaThread "Memory manager" [_thread_blocked, id=10028, stack(0x0000000147200000,0x0000000147300000)]
  0x000001d22109c800 JavaThread "Daemon Thread 3" [_thread_blocked, id=21868, stack(0x0000000143a00000,0x0000000143b00000)]
  0x000001d22109f000 JavaThread "Handler for socket connection from /127.0.0.1:60691 to /127.0.0.1:61308" [_thread_in_native, id=25044, stack(0x0000000143b00000,0x0000000143c00000)]
  0x000001d22109b000 JavaThread "Cancel handler" [_thread_blocked, id=26160, stack(0x0000000143c00000,0x0000000143d00000)]
  0x000001d2210a6800 JavaThread "Daemon worker Thread 3" [_thread_blocked, id=27428, stack(0x0000000144e00000,0x0000000144f00000)]
  0x000001d2210a1800 JavaThread "Asynchronous log dispatcher for DefaultDaemonConnection: socket connection from /127.0.0.1:60691 to /127.0.0.1:61308" [_thread_blocked, id=5256, stack(0x0000000145700000,0x0000000145800000)]
  0x000001d2210a4000 JavaThread "Stdin handler" [_thread_blocked, id=23328, stack(0x0000000145800000,0x0000000145900000)]
  0x000001d2210a5800 JavaThread "Thread-56" [_thread_blocked, id=8348, stack(0x0000000145900000,0x0000000145a00000)]
  0x000001d2210a7800 JavaThread "Cache worker for file hash cache (C:\Dev\retrofitPOST-master\.gradle\5.4.1\fileHashes)" [_thread_blocked, id=1556, stack(0x0000000145a00000,0x0000000145b00000)]
  0x000001d2210a8000 JavaThread "Cache worker for cache directory md-supplier (C:\Users\CG\.gradle\caches\5.4.1\md-supplier)" [_thread_blocked, id=18520, stack(0x0000000145b00000,0x0000000145c00000)]
  0x000001d2210a3800 JavaThread "Cache worker for cache directory md-rule (C:\Users\CG\.gradle\caches\5.4.1\md-rule)" [_thread_blocked, id=28224, stack(0x0000000145c00000,0x0000000145d00000)]
  0x000001d2210a9000 JavaThread "Build operations" [_thread_blocked, id=4436, stack(0x0000000146400000,0x0000000146500000)]
  0x000001d2229a6000 JavaThread "Build operations Thread 2" [_thread_blocked, id=2788, stack(0x0000000146500000,0x0000000146600000)]
  0x000001d2229a5000 JavaThread "Build operations Thread 3" [_thread_blocked, id=21120, stack(0x0000000146600000,0x0000000146700000)]
  0x000001d2229a9800 JavaThread "Build operations Thread 4" [_thread_blocked, id=13916, stack(0x0000000146700000,0x0000000146800000)]
  0x000001d2229a7000 JavaThread "Build operations Thread 5" [_thread_blocked, id=14264, stack(0x0000000146a00000,0x0000000146b00000)]
  0x000001d2229a7800 JavaThread "Build operations Thread 6" [_thread_blocked, id=8084, stack(0x0000000146b00000,0x0000000146c00000)]
  0x000001d2229a3800 JavaThread "Build operations Thread 7" [_thread_blocked, id=27856, stack(0x0000000146c00000,0x0000000146d00000)]
  0x000001d2229aa000 JavaThread "Build operations Thread 8" [_thread_blocked, id=8616, stack(0x0000000146d00000,0x0000000146e00000)]
  0x000001d2229a4800 JavaThread "Cache worker for Build Output Cleanup Cache (C:\Dev\retrofitPOST-master\.gradle\buildOutputCleanup)" [_thread_blocked, id=10856, stack(0x0000000146f00000,0x0000000147000000)]
  0x000001d2229ac800 JavaThread "Cache worker for file content cache (C:\Users\CG\.gradle\caches\5.4.1\fileContent)" [_thread_blocked, id=15948, stack(0x0000000147000000,0x0000000147100000)]
  0x000001d2229af000 JavaThread "Cache worker for file content cache (C:\Dev\retrofitPOST-master\.gradle\5.4.1\fileContent)" [_thread_blocked, id=17088, stack(0x0000000147100000,0x0000000147200000)]
  0x000001d2229ab000 JavaThread "Execution worker for ':'" [_thread_blocked, id=10328, stack(0x0000000147300000,0x0000000147400000)]
  0x000001d2229b0800 JavaThread "Execution worker for ':' Thread 2" [_thread_blocked, id=26768, stack(0x0000000147400000,0x0000000147500000)]
  0x000001d2229b1800 JavaThread "Execution worker for ':' Thread 3" [_thread_in_Java, id=18872, stack(0x0000000147500000,0x0000000147600000)]
  0x000001d2229ad800 JavaThread "Execution worker for ':' Thread 4" [_thread_blocked, id=26144, stack(0x0000000147600000,0x0000000147700000)]
  0x000001d2229ab800 JavaThread "Execution worker for ':' Thread 5" [_thread_blocked, id=5900, stack(0x0000000147700000,0x0000000147800000)]
  0x000001d22053f000 JavaThread "Execution worker for ':' Thread 6" [_thread_blocked, id=21712, stack(0x0000000147800000,0x0000000147900000)]
  0x000001d220542000 JavaThread "Execution worker for ':' Thread 7" [_thread_blocked, id=21208, stack(0x0000000147900000,0x0000000147a00000)]
  0x000001d226581800 JavaThread "Cache worker for execution history cache (C:\Dev\retrofitPOST-master\.gradle\5.4.1\executionHistory)" [_thread_blocked, id=1220, stack(0x0000000147a00000,0x0000000147b00000)]
  0x000001d226582800 JavaThread "WorkerExecutor Queue Thread 2" [_thread_blocked, id=23488, stack(0x0000000147c00000,0x0000000147d00000)]
  0x000001d226584000 JavaThread "WorkerExecutor Queue Thread 3" [_thread_blocked, id=216, stack(0x0000000147d00000,0x0000000147e00000)]
  0x000001d226580000 JavaThread "WorkerExecutor Queue Thread 4" [_thread_blocked, id=9440, stack(0x0000000147e00000,0x0000000147f00000)]
  0x000001d22657e800 JavaThread "WorkerExecutor Queue Thread 5" [_thread_blocked, id=8136, stack(0x0000000147f00000,0x0000000148000000)]
  0x000001d226581000 JavaThread "WorkerExecutor Queue Thread 6" [_thread_blocked, id=30136, stack(0x0000000148000000,0x0000000148100000)]
  0x000001d226585000 JavaThread "WorkerExecutor Queue Thread 7" [_thread_blocked, id=19948, stack(0x0000000148400000,0x0000000148500000)]
  0x000001d22657f000 JavaThread "WorkerExecutor Queue Thread 8" [_thread_blocked, id=20488, stack(0x0000000148500000,0x0000000148600000)]
  0x000001d226589000 JavaThread "Java2D Disposer" daemon [_thread_blocked, id=6640, stack(0x0000000148600000,0x0000000148700000)]
  0x000001d226585800 JavaThread "pool-6-thread-1" [_thread_blocked, id=28392, stack(0x0000000148700000,0x0000000148800000)]
  0x000001d226587800 JavaThread "stderr" [_thread_in_native, id=10404, stack(0x0000000148800000,0x0000000148900000)]
  0x000001d22658c800 JavaThread "stderr" [_thread_in_native, id=10428, stack(0x0000000148900000,0x0000000148a00000)]
  0x000001d226588000 JavaThread "stdout" [_thread_in_native, id=21848, stack(0x0000000148a00000,0x0000000148b00000)]
  0x000001d226586800 JavaThread "stdout" [_thread_in_native, id=12824, stack(0x0000000148b00000,0x0000000148c00000)]
  0x000001d22658a000 JavaThread "stderr" [_thread_in_native, id=29092, stack(0x0000000148c00000,0x0000000148d00000)]
  0x000001d22658a800 JavaThread "stdout" [_thread_in_native, id=18420, stack(0x0000000148d00000,0x0000000148e00000)]
  0x000001d22658b800 JavaThread "stderr" [_thread_in_native, id=14440, stack(0x0000000148e00000,0x0000000148f00000)]
  0x000001d2229b0000 JavaThread "stdout" [_thread_in_native, id=18680, stack(0x0000000148f00000,0x0000000149000000)]
  0x000001d22ade3800 JavaThread "stderr" [_thread_in_native, id=2348, stack(0x0000000149000000,0x0000000149100000)]
  0x000001d22ade8800 JavaThread "stdout" [_thread_in_native, id=16672, stack(0x0000000149100000,0x0000000149200000)]
  0x000001d22adea000 JavaThread "stderr" [_thread_in_native, id=27004, stack(0x0000000149200000,0x0000000149300000)]
  0x000001d22ade9800 JavaThread "stdout" [_thread_in_native, id=28024, stack(0x0000000149300000,0x0000000149400000)]
  0x000001d22ade5000 JavaThread "stderr" [_thread_in_native, id=16792, stack(0x0000000149400000,0x0000000149500000)]
  0x000001d22ade4800 JavaThread "stdout" [_thread_in_native, id=23484, stack(0x0000000149500000,0x0000000149600000)]
  0x000001d22adec000 JavaThread "stderr" [_thread_in_native, id=22980, stack(0x0000000149600000,0x0000000149700000)]
  0x000001d22ade6000 JavaThread "stdout" [_thread_in_native, id=9288, stack(0x0000000149700000,0x0000000149800000)]
  0x000001d2242bb800 JavaThread "C2 CompilerThread1" daemon [_thread_in_native, id=2524, stack(0x0000000145d00000,0x0000000145e00000)]
  0x000001d2242b8000 JavaThread "C2 CompilerThread2" daemon [_thread_in_native, id=7644, stack(0x0000000146e00000,0x0000000146f00000)]
  0x000001d22adeb000 JavaThread "Cache worker for Java compile cache (C:\Users\CG\.gradle\caches\5.4.1\javaCompile)" [_thread_blocked, id=22520, stack(0x0000000147b00000,0x0000000147c00000)]
  0x000001d22ade7800 JavaThread "Cache worker for Java compile cache (C:\Dev\retrofitPOST-master\.gradle\5.4.1\javaCompile)" [_thread_blocked, id=21936, stack(0x0000000149800000,0x0000000149900000)]

Other Threads:
  0x000001d21e235800 VMThread "VM Thread" [stack: 0x0000000144300000,0x0000000144400000] [id=21468]
  0x000001d21e45e000 WatcherThread [stack: 0x0000000144d00000,0x0000000144e00000] [id=9592]
  0x000001d2028e1000 GCTaskThread "GC Thread#0" [stack: 0x0000000143e00000,0x0000000143f00000] [id=25376]
  0x000001d21eebc000 GCTaskThread "GC Thread#1" [stack: 0x0000000144f00000,0x0000000145000000] [id=15488]
  0x000001d21f0df000 GCTaskThread "GC Thread#2" [stack: 0x0000000145000000,0x0000000145100000] [id=19412]
  0x000001d21ec7e800 GCTaskThread "GC Thread#3" [stack: 0x0000000145100000,0x0000000145200000] [id=25080]
  0x000001d21ec7f000 GCTaskThread "GC Thread#4" [stack: 0x0000000145200000,0x0000000145300000] [id=18224]
  0x000001d21ec6a800 GCTaskThread "GC Thread#5" [stack: 0x0000000145300000,0x0000000145400000] [id=5028]
  0x000001d220075000 GCTaskThread "GC Thread#6" [stack: 0x0000000146100000,0x0000000146200000] [id=19880]
  0x000001d220788000 GCTaskThread "GC Thread#7" [stack: 0x0000000146200000,0x0000000146300000] [id=22024]
  0x000001d20290a800 ConcurrentGCThread "G1 Main Marker" [stack: 0x0000000143f00000,0x0000000144000000] [id=17504]
  0x000001d20290d800 ConcurrentGCThread "G1 Conc#0" [stack: 0x0000000144000000,0x0000000144100000] [id=12492]
  0x000001d21f141800 ConcurrentGCThread "G1 Conc#1" [stack: 0x0000000146300000,0x0000000146400000] [id=26572]
  0x000001d21d89a800 ConcurrentGCThread "G1 Refine#0" [stack: 0x0000000144100000,0x0000000144200000] [id=17248]
  0x000001d21d89c000 ConcurrentGCThread "G1 Young RemSet Sampling" [stack: 0x0000000144200000,0x0000000144300000] [id=24208]

Threads with active compile tasks:
C2 CompilerThread0 543655 18606   !   4       java.nio.file.FileTreeWalker::next (144 bytes)
C1 CompilerThread0 543655 18812       3       com.sun.tools.javac.code.Scope$Entry::<init> (26 bytes)
C2 CompilerThread1 543655 18704   !   4       java.nio.file.FileTreeWalker::getAttributes (126 bytes)
C2 CompilerThread2 543655 18625   !   4       java.nio.file.FileTreeWalker::visit (204 bytes)

VM state:not at safepoint (normal execution)

VM Mutex/Monitor currently owned by a thread: None

Heap address: 0x00000000a0000000, size: 1536 MB, Compressed Oops mode: 32-bit
Narrow klass base: 0x0000000000000000, Narrow klass shift: 3
Compressed class space size: 1073741824 Address: 0x0000000100000000

Heap:
 garbage-first heap   total 262144K, used 165798K [0x00000000a0000000, 0x0000000100000000)
  region size 1024K, 23 young (23552K), 4 survivors (4096K)
 Metaspace       used 118191K, capacity 121029K, committed 121216K, reserved 1155072K
  class space    used 13872K, capacity 14715K, committed 14720K, reserved 1048576K
Heap Regions: E=young(eden), S=young(survivor), O=old, HS=humongous(starts), HC=humongous(continues), CS=collection set, F=free, A=archive, TAMS=top-at-mark-start (previous, next)
|   0|0x00000000a0000000, 0x00000000a0100000, 0x00000000a0100000|100%| O|  |TAMS 0x00000000a0100000, 0x00000000a0000000| Untracked 
|   1|0x00000000a0100000, 0x00000000a0200000, 0x00000000a0200000|100%| O|  |TAMS 0x00000000a0200000, 0x00000000a0100000| Untracked 
|   2|0x00000000a0200000, 0x00000000a0300000, 0x00000000a0300000|100%|HS|  |TAMS 0x00000000a0300000, 0x00000000a0200000| Complete 
|   3|0x00000000a0300000, 0x00000000a0400000, 0x00000000a0400000|100%|HS|  |TAMS 0x00000000a0400000, 0x00000000a0300000| Complete 
|   4|0x00000000a0400000, 0x00000000a0500000, 0x00000000a0500000|100%|HC|  |TAMS 0x00000000a0500000, 0x00000000a0400000| Complete 
|   5|0x00000000a0500000, 0x00000000a0600000, 0x00000000a0600000|100%| O|  |TAMS 0x00000000a0600000, 0x00000000a0500000| Untracked 
|   6|0x00000000a0600000, 0x00000000a0700000, 0x00000000a0700000|100%| O|  |TAMS 0x00000000a0700000, 0x00000000a0600000| Untracked 
|   7|0x00000000a0700000, 0x00000000a0800000, 0x00000000a0800000|100%| O|  |TAMS 0x00000000a0800000, 0x00000000a0700000| Untracked 
|   8|0x00000000a0800000, 0x00000000a0900000, 0x00000000a0900000|100%| O|  |TAMS 0x00000000a0900000, 0x00000000a0800000| Untracked 
|   9|0x00000000a0900000, 0x00000000a0a00000, 0x00000000a0a00000|100%| O|  |TAMS 0x00000000a0a00000, 0x00000000a0900000| Untracked 
|  10|0x00000000a0a00000, 0x00000000a0b00000, 0x00000000a0b00000|100%| O|  |TAMS 0x00000000a0b00000, 0x00000000a0a00000| Untracked 
|  11|0x00000000a0b00000, 0x00000000a0c00000, 0x00000000a0c00000|100%| O|  |TAMS 0x00000000a0c00000, 0x00000000a0b00000| Untracked 
|  12|0x00000000a0c00000, 0x00000000a0d00000, 0x00000000a0d00000|100%| O|  |TAMS 0x00000000a0d00000, 0x00000000a0c00000| Untracked 
|  13|0x00000000a0d00000, 0x00000000a0e00000, 0x00000000a0e00000|100%| O|  |TAMS 0x00000000a0e00000, 0x00000000a0d00000| Untracked 
|  14|0x00000000a0e00000, 0x00000000a0f00000, 0x00000000a0f00000|100%| O|  |TAMS 0x00000000a0f00000, 0x00000000a0e00000| Untracked 
|  15|0x00000000a0f00000, 0x00000000a1000000, 0x00000000a1000000|100%| O|  |TAMS 0x00000000a1000000, 0x00000000a0f00000| Untracked 
|  16|0x00000000a1000000, 0x00000000a1100000, 0x00000000a1100000|100%| O|  |TAMS 0x00000000a1100000, 0x00000000a1000000| Untracked 
|  17|0x00000000a1100000, 0x00000000a1200000, 0x00000000a1200000|100%| O|  |TAMS 0x00000000a1200000, 0x00000000a1100000| Untracked 
|  18|0x00000000a1200000, 0x00000000a1300000, 0x00000000a1300000|100%| O|  |TAMS 0x00000000a1300000, 0x00000000a1200000| Complete 
|  19|0x00000000a1300000, 0x00000000a1400000, 0x00000000a1400000|100%| O|  |TAMS 0x00000000a1400000, 0x00000000a1300000| Untracked 
|  20|0x00000000a1400000, 0x00000000a1500000, 0x00000000a1500000|100%| O|  |TAMS 0x00000000a1500000, 0x00000000a1400000| Untracked 
|  21|0x00000000a1500000, 0x00000000a1600000, 0x00000000a1600000|100%|HS|  |TAMS 0x00000000a1600000, 0x00000000a1500000| Complete 
|  22|0x00000000a1600000, 0x00000000a1700000, 0x00000000a1700000|100%|HC|  |TAMS 0x00000000a1700000, 0x00000000a1600000| Complete 
|  23|0x00000000a1700000, 0x00000000a1800000, 0x00000000a1800000|100%| O|  |TAMS 0x00000000a1800000, 0x00000000a1700000| Complete 
|  24|0x00000000a1800000, 0x00000000a1900000, 0x00000000a1900000|100%|HS|  |TAMS 0x00000000a1900000, 0x00000000a1800000| Complete 
|  25|0x00000000a1900000, 0x00000000a1a00000, 0x00000000a1a00000|100%|HC|  |TAMS 0x00000000a1a00000, 0x00000000a1900000| Complete 
|  26|0x00000000a1a00000, 0x00000000a1b00000, 0x00000000a1b00000|100%|HS|  |TAMS 0x00000000a1b00000, 0x00000000a1a00000| Complete 
|  27|0x00000000a1b00000, 0x00000000a1c00000, 0x00000000a1c00000|100%|HC|  |TAMS 0x00000000a1c00000, 0x00000000a1b00000| Complete 
|  28|0x00000000a1c00000, 0x00000000a1d00000, 0x00000000a1d00000|100%|HC|  |TAMS 0x00000000a1d00000, 0x00000000a1c00000| Complete 
|  29|0x00000000a1d00000, 0x00000000a1e00000, 0x00000000a1e00000|100%|HS|  |TAMS 0x00000000a1e00000, 0x00000000a1d00000| Complete 
|  30|0x00000000a1e00000, 0x00000000a1f00000, 0x00000000a1f00000|100%|HC|  |TAMS 0x00000000a1f00000, 0x00000000a1e00000| Complete 
|  31|0x00000000a1f00000, 0x00000000a2000000, 0x00000000a2000000|100%|HC|  |TAMS 0x00000000a2000000, 0x00000000a1f00000| Complete 
|  32|0x00000000a2000000, 0x00000000a2100000, 0x00000000a2100000|100%|HS|  |TAMS 0x00000000a2100000, 0x00000000a2000000| Complete 
|  33|0x00000000a2100000, 0x00000000a2200000, 0x00000000a2200000|100%|HC|  |TAMS 0x00000000a2200000, 0x00000000a2100000| Complete 
|  34|0x00000000a2200000, 0x00000000a2300000, 0x00000000a2300000|100%|HC|  |TAMS 0x00000000a2300000, 0x00000000a2200000| Complete 
|  35|0x00000000a2300000, 0x00000000a2400000, 0x00000000a2400000|100%|HC|  |TAMS 0x00000000a2400000, 0x00000000a2300000| Complete 
|  36|0x00000000a2400000, 0x00000000a2500000, 0x00000000a2500000|100%|HC|  |TAMS 0x00000000a2500000, 0x00000000a2400000| Complete 
|  37|0x00000000a2500000, 0x00000000a2600000, 0x00000000a2600000|100%|HS|  |TAMS 0x00000000a2600000, 0x00000000a2500000| Complete 
|  38|0x00000000a2600000, 0x00000000a2700000, 0x00000000a2700000|100%|HS|  |TAMS 0x00000000a2700000, 0x00000000a2600000| Complete 
|  39|0x00000000a2700000, 0x00000000a2800000, 0x00000000a2800000|100%|HC|  |TAMS 0x00000000a2800000, 0x00000000a2700000| Complete 
|  40|0x00000000a2800000, 0x00000000a2900000, 0x00000000a2900000|100%|HC|  |TAMS 0x00000000a2900000, 0x00000000a2800000| Complete 
|  41|0x00000000a2900000, 0x00000000a2a00000, 0x00000000a2a00000|100%|HC|  |TAMS 0x00000000a2a00000, 0x00000000a2900000| Complete 
|  42|0x00000000a2a00000, 0x00000000a2b00000, 0x00000000a2b00000|100%| O|  |TAMS 0x00000000a2b00000, 0x00000000a2a00000| Untracked 
|  43|0x00000000a2b00000, 0x00000000a2c00000, 0x00000000a2c00000|100%| O|  |TAMS 0x00000000a2c00000, 0x00000000a2b00000| Untracked 
|  44|0x00000000a2c00000, 0x00000000a2d00000, 0x00000000a2d00000|100%| O|  |TAMS 0x00000000a2d00000, 0x00000000a2c00000| Untracked 
|  45|0x00000000a2d00000, 0x00000000a2e00000, 0x00000000a2e00000|100%| O|  |TAMS 0x00000000a2e00000, 0x00000000a2d00000| Untracked 
|  46|0x00000000a2e00000, 0x00000000a2f00000, 0x00000000a2f00000|100%| O|  |TAMS 0x00000000a2f00000, 0x00000000a2e00000| Complete 
|  47|0x00000000a2f00000, 0x00000000a3000000, 0x00000000a3000000|100%| O|  |TAMS 0x00000000a3000000, 0x00000000a2f00000| Complete 
|  48|0x00000000a3000000, 0x00000000a3100000, 0x00000000a3100000|100%| O|  |TAMS 0x00000000a3100000, 0x00000000a3000000| Complete 
|  49|0x00000000a3100000, 0x00000000a3200000, 0x00000000a3200000|100%| O|  |TAMS 0x00000000a3200000, 0x00000000a3100000| Untracked 
|  50|0x00000000a3200000, 0x00000000a3300000, 0x00000000a3300000|100%| O|  |TAMS 0x00000000a3300000, 0x00000000a3200000| Untracked 
|  51|0x00000000a3300000, 0x00000000a3400000, 0x00000000a3400000|100%| O|  |TAMS 0x00000000a3400000, 0x00000000a3300000| Untracked 
|  52|0x00000000a3400000, 0x00000000a3500000, 0x00000000a3500000|100%| O|  |TAMS 0x00000000a3500000, 0x00000000a3400000| Untracked 
|  53|0x00000000a3500000, 0x00000000a3600000, 0x00000000a3600000|100%| O|  |TAMS 0x00000000a3600000, 0x00000000a3500000| Complete 
|  54|0x00000000a3600000, 0x00000000a3700000, 0x00000000a3700000|100%| O|  |TAMS 0x00000000a3700000, 0x00000000a3600000| Untracked 
|  55|0x00000000a3700000, 0x00000000a3800000, 0x00000000a3800000|100%| O|  |TAMS 0x00000000a3800000, 0x00000000a3700000| Untracked 
|  56|0x00000000a3800000, 0x00000000a3900000, 0x00000000a3900000|100%| O|  |TAMS 0x00000000a3900000, 0x00000000a3800000| Untracked 
|  57|0x00000000a3900000, 0x00000000a3a00000, 0x00000000a3a00000|100%| O|  |TAMS 0x00000000a3a00000, 0x00000000a3900000| Untracked 
|  58|0x00000000a3a00000, 0x00000000a3b00000, 0x00000000a3b00000|100%| O|  |TAMS 0x00000000a3b00000, 0x00000000a3a00000| Untracked 
|  59|0x00000000a3b00000, 0x00000000a3c00000, 0x00000000a3c00000|100%| O|  |TAMS 0x00000000a3c00000, 0x00000000a3b00000| Untracked 
|  60|0x00000000a3c00000, 0x00000000a3d00000, 0x00000000a3d00000|100%| O|  |TAMS 0x00000000a3d00000, 0x00000000a3c00000| Complete 
|  61|0x00000000a3d00000, 0x00000000a3e00000, 0x00000000a3e00000|100%| O|  |TAMS 0x00000000a3e00000, 0x00000000a3d00000| Complete 
|  62|0x00000000a3e00000, 0x00000000a3f00000, 0x00000000a3f00000|100%| O|  |TAMS 0x00000000a3f00000, 0x00000000a3e00000| Untracked 
|  63|0x00000000a3f00000, 0x00000000a4000000, 0x00000000a4000000|100%| O|  |TAMS 0x00000000a4000000, 0x00000000a3f00000| Untracked 
|  64|0x00000000a4000000, 0x00000000a4100000, 0x00000000a4100000|100%| O|  |TAMS 0x00000000a4100000, 0x00000000a4000000| Untracked 
|  65|0x00000000a4100000, 0x00000000a4200000, 0x00000000a4200000|100%| O|  |TAMS 0x00000000a4200000, 0x00000000a4100000| Complete 
|  66|0x00000000a4200000, 0x00000000a42fc800, 0x00000000a4300000| 98%| O|  |TAMS 0x00000000a42fc800, 0x00000000a4200000| Untracked 
|  67|0x00000000a4300000, 0x00000000a4400000, 0x00000000a4400000|100%| O|  |TAMS 0x00000000a4400000, 0x00000000a4300000| Complete 
|  68|0x00000000a4400000, 0x00000000a4500000, 0x00000000a4500000|100%| O|  |TAMS 0x00000000a4500000, 0x00000000a4400000| Complete 
|  69|0x00000000a4500000, 0x00000000a4600000, 0x00000000a4600000|100%| O|  |TAMS 0x00000000a4600000, 0x00000000a4500000| Complete 
|  70|0x00000000a4600000, 0x00000000a4700000, 0x00000000a4700000|100%|HS|  |TAMS 0x00000000a4700000, 0x00000000a4600000| Complete 
|  71|0x00000000a4700000, 0x00000000a4800000, 0x00000000a4800000|100%|HC|  |TAMS 0x00000000a4800000, 0x00000000a4700000| Complete 
|  72|0x00000000a4800000, 0x00000000a4900000, 0x00000000a4900000|100%|HS|  |TAMS 0x00000000a4900000, 0x00000000a4800000| Complete 
|  73|0x00000000a4900000, 0x00000000a4a00000, 0x00000000a4a00000|100%|HC|  |TAMS 0x00000000a4a00000, 0x00000000a4900000| Complete 
|  74|0x00000000a4a00000, 0x00000000a4b00000, 0x00000000a4b00000|100%|HC|  |TAMS 0x00000000a4b00000, 0x00000000a4a00000| Complete 
|  75|0x00000000a4b00000, 0x00000000a4c00000, 0x00000000a4c00000|100%|HS|  |TAMS 0x00000000a4c00000, 0x00000000a4b00000| Complete 
|  76|0x00000000a4c00000, 0x00000000a4d00000, 0x00000000a4d00000|100%|HC|  |TAMS 0x00000000a4d00000, 0x00000000a4c00000| Complete 
|  77|0x00000000a4d00000, 0x00000000a4e00000, 0x00000000a4e00000|100%|HC|  |TAMS 0x00000000a4e00000, 0x00000000a4d00000| Complete 
|  78|0x00000000a4e00000, 0x00000000a4f00000, 0x00000000a4f00000|100%|HS|  |TAMS 0x00000000a4f00000, 0x00000000a4e00000| Complete 
|  79|0x00000000a4f00000, 0x00000000a5000000, 0x00000000a5000000|100%|HC|  |TAMS 0x00000000a5000000, 0x00000000a4f00000| Complete 
|  80|0x00000000a5000000, 0x00000000a5100000, 0x00000000a5100000|100%|HC|  |TAMS 0x00000000a5100000, 0x00000000a5000000| Complete 
|  81|0x00000000a5100000, 0x00000000a5200000, 0x00000000a5200000|100%|HC|  |TAMS 0x00000000a5200000, 0x00000000a5100000| Complete 
|  82|0x00000000a5200000, 0x00000000a5300000, 0x00000000a5300000|100%|HC|  |TAMS 0x00000000a5300000, 0x00000000a5200000| Complete 
|  83|0x00000000a5300000, 0x00000000a5400000, 0x00000000a5400000|100%|HS|  |TAMS 0x00000000a5400000, 0x00000000a5300000| Complete 
|  84|0x00000000a5400000, 0x00000000a5500000, 0x00000000a5500000|100%|HS|  |TAMS 0x00000000a5500000, 0x00000000a5400000| Complete 
|  85|0x00000000a5500000, 0x00000000a5600000, 0x00000000a5600000|100%|HC|  |TAMS 0x00000000a5600000, 0x00000000a5500000| Complete 
|  86|0x00000000a5600000, 0x00000000a5700000, 0x00000000a5700000|100%|HC|  |TAMS 0x00000000a5700000, 0x00000000a5600000| Complete 
|  87|0x00000000a5700000, 0x00000000a5800000, 0x00000000a5800000|100%|HC|  |TAMS 0x00000000a5800000, 0x00000000a5700000| Complete 
|  88|0x00000000a5800000, 0x00000000a5900000, 0x00000000a5900000|100%| O|  |TAMS 0x00000000a5900000, 0x00000000a5800000| Complete 
|  89|0x00000000a5900000, 0x00000000a5a00000, 0x00000000a5a00000|100%| O|  |TAMS 0x00000000a5a00000, 0x00000000a5900000| Untracked 
|  90|0x00000000a5a00000, 0x00000000a5b00000, 0x00000000a5b00000|100%| O|  |TAMS 0x00000000a5b00000, 0x00000000a5a00000| Untracked 
|  91|0x00000000a5b00000, 0x00000000a5c00000, 0x00000000a5c00000|100%| O|  |TAMS 0x00000000a5c00000, 0x00000000a5b00000| Untracked 
|  92|0x00000000a5c00000, 0x00000000a5d00000, 0x00000000a5d00000|100%| O|  |TAMS 0x00000000a5d00000, 0x00000000a5c00000| Untracked 
|  93|0x00000000a5d00000, 0x00000000a5e00000, 0x00000000a5e00000|100%| O|  |TAMS 0x00000000a5e00000, 0x00000000a5d00000| Untracked 
|  94|0x00000000a5e00000, 0x00000000a5f00000, 0x00000000a5f00000|100%|HS|  |TAMS 0x00000000a5e00000, 0x00000000a5e00000| Complete 
|  95|0x00000000a5f00000, 0x00000000a6000000, 0x00000000a6000000|100%| O|  |TAMS 0x00000000a6000000, 0x00000000a5f00000| Complete 
|  96|0x00000000a6000000, 0x00000000a6100000, 0x00000000a6100000|100%| O|  |TAMS 0x00000000a6100000, 0x00000000a6000000| Complete 
|  97|0x00000000a6100000, 0x00000000a6200000, 0x00000000a6200000|100%| O|  |TAMS 0x00000000a6200000, 0x00000000a6100000| Untracked 
|  98|0x00000000a6200000, 0x00000000a6300000, 0x00000000a6300000|100%| O|  |TAMS 0x00000000a6300000, 0x00000000a6200000| Complete 
|  99|0x00000000a6300000, 0x00000000a6400000, 0x00000000a6400000|100%| O|  |TAMS 0x00000000a6400000, 0x00000000a6300000| Untracked 
| 100|0x00000000a6400000, 0x00000000a6500000, 0x00000000a6500000|100%| O|  |TAMS 0x00000000a6500000, 0x00000000a6400000| Complete 
| 101|0x00000000a6500000, 0x00000000a6600000, 0x00000000a6600000|100%| O|  |TAMS 0x00000000a6600000, 0x00000000a6500000| Complete 
| 102|0x00000000a6600000, 0x00000000a6700000, 0x00000000a6700000|100%| O|  |TAMS 0x00000000a6700000, 0x00000000a6600000| Complete 
| 103|0x00000000a6700000, 0x00000000a6800000, 0x00000000a6800000|100%| O|  |TAMS 0x00000000a6800000, 0x00000000a6700000| Complete 
| 104|0x00000000a6800000, 0x00000000a6900000, 0x00000000a6900000|100%| O|  |TAMS 0x00000000a6900000, 0x00000000a6800000| Complete 
| 105|0x00000000a6900000, 0x00000000a6a00000, 0x00000000a6a00000|100%| O|  |TAMS 0x00000000a6a00000, 0x00000000a6900000| Untracked 
| 106|0x00000000a6a00000, 0x00000000a6b00000, 0x00000000a6b00000|100%| O|  |TAMS 0x00000000a6b00000, 0x00000000a6a00000| Complete 
| 107|0x00000000a6b00000, 0x00000000a6c00000, 0x00000000a6c00000|100%| O|  |TAMS 0x00000000a6c00000, 0x00000000a6b00000| Complete 
| 108|0x00000000a6c00000, 0x00000000a6d00000, 0x00000000a6d00000|100%| O|  |TAMS 0x00000000a6d00000, 0x00000000a6c00000| Complete 
| 109|0x00000000a6d00000, 0x00000000a6e00000, 0x00000000a6e00000|100%| O|  |TAMS 0x00000000a6e00000, 0x00000000a6d00000| Complete 
| 110|0x00000000a6e00000, 0x00000000a6f00000, 0x00000000a6f00000|100%| O|  |TAMS 0x00000000a6f00000, 0x00000000a6e00000| Untracked 
| 111|0x00000000a6f00000, 0x00000000a7000000, 0x00000000a7000000|100%| O|  |TAMS 0x00000000a7000000, 0x00000000a6f00000| Complete 
| 112|0x00000000a7000000, 0x00000000a7100000, 0x00000000a7100000|100%| O|  |TAMS 0x00000000a7100000, 0x00000000a7000000| Complete 
| 113|0x00000000a7100000, 0x00000000a7200000, 0x00000000a7200000|100%| O|  |TAMS 0x00000000a7200000, 0x00000000a7100000| Untracked 
| 114|0x00000000a7200000, 0x00000000a7300000, 0x00000000a7300000|100%| O|  |TAMS 0x00000000a7300000, 0x00000000a7200000| Untracked 
| 115|0x00000000a7300000, 0x00000000a7400000, 0x00000000a7400000|100%| O|  |TAMS 0x00000000a7400000, 0x00000000a7300000| Complete 
| 116|0x00000000a7400000, 0x00000000a7500000, 0x00000000a7500000|100%| O|  |TAMS 0x00000000a7500000, 0x00000000a7400000| Complete 
| 117|0x00000000a7500000, 0x00000000a7600000, 0x00000000a7600000|100%| O|  |TAMS 0x00000000a7600000, 0x00000000a7500000| Complete 
| 118|0x00000000a7600000, 0x00000000a7700000, 0x00000000a7700000|100%|HS|  |TAMS 0x00000000a7600000, 0x00000000a7600000| Complete 
| 119|0x00000000a7700000, 0x00000000a7800000, 0x00000000a7800000|100%|HC|  |TAMS 0x00000000a7700000, 0x00000000a7700000| Complete 
| 120|0x00000000a7800000, 0x00000000a7900000, 0x00000000a7900000|100%| O|  |TAMS 0x00000000a7900000, 0x00000000a7800000| Complete 
| 121|0x00000000a7900000, 0x00000000a7900000, 0x00000000a7a00000|  0%| F|  |TAMS 0x00000000a7900000, 0x00000000a7900000| Untracked 
| 122|0x00000000a7a00000, 0x00000000a7b00000, 0x00000000a7b00000|100%| O|  |TAMS 0x00000000a7b00000, 0x00000000a7a00000| Complete 
| 123|0x00000000a7b00000, 0x00000000a7b00000, 0x00000000a7c00000|  0%| F|  |TAMS 0x00000000a7b00000, 0x00000000a7b00000| Untracked 
| 124|0x00000000a7c00000, 0x00000000a7d00000, 0x00000000a7d00000|100%| O|  |TAMS 0x00000000a7d00000, 0x00000000a7c00000| Complete 
| 125|0x00000000a7d00000, 0x00000000a7e00000, 0x00000000a7e00000|100%| O|  |TAMS 0x00000000a7e00000, 0x00000000a7d00000| Complete 
| 126|0x00000000a7e00000, 0x00000000a7f00000, 0x00000000a7f00000|100%| O|  |TAMS 0x00000000a7f00000, 0x00000000a7e00000| Complete 
| 127|0x00000000a7f00000, 0x00000000a8000000, 0x00000000a8000000|100%| O|  |TAMS 0x00000000a8000000, 0x00000000a7f00000| Complete 
| 128|0x00000000a8000000, 0x00000000a8100000, 0x00000000a8100000|100%| O|  |TAMS 0x00000000a8100000, 0x00000000a8000000| Complete 
| 129|0x00000000a8100000, 0x00000000a8200000, 0x00000000a8200000|100%| O|  |TAMS 0x00000000a8200000, 0x00000000a8100000| Complete 
| 130|0x00000000a8200000, 0x00000000a8300000, 0x00000000a8300000|100%| O|  |TAMS 0x00000000a8300000, 0x00000000a8200000| Complete 
| 131|0x00000000a8300000, 0x00000000a8400000, 0x00000000a8400000|100%| O|  |TAMS 0x00000000a8400000, 0x00000000a8300000| Complete 
| 132|0x00000000a8400000, 0x00000000a8500000, 0x00000000a8500000|100%| O|  |TAMS 0x00000000a8500000, 0x00000000a8400000| Complete 
| 133|0x00000000a8500000, 0x00000000a8600000, 0x00000000a8600000|100%| O|  |TAMS 0x00000000a8600000, 0x00000000a8500000| Complete 
| 134|0x00000000a8600000, 0x00000000a8700000, 0x00000000a8700000|100%|HS|  |TAMS 0x00000000a8600000, 0x00000000a8600000| Complete 
| 135|0x00000000a8700000, 0x00000000a8800000, 0x00000000a8800000|100%|HC|  |TAMS 0x00000000a8700000, 0x00000000a8700000| Complete 
| 136|0x00000000a8800000, 0x00000000a8900000, 0x00000000a8900000|100%|HS|  |TAMS 0x00000000a8800000, 0x00000000a8800000| Complete 
| 137|0x00000000a8900000, 0x00000000a8a00000, 0x00000000a8a00000|100%|HC|  |TAMS 0x00000000a8900000, 0x00000000a8900000| Complete 
| 138|0x00000000a8a00000, 0x00000000a8b00000, 0x00000000a8b00000|100%| O|  |TAMS 0x00000000a8b00000, 0x00000000a8a00000| Complete 
| 139|0x00000000a8b00000, 0x00000000a8c00000, 0x00000000a8c00000|100%|HS|  |TAMS 0x00000000a8b00000, 0x00000000a8b00000| Complete 
| 140|0x00000000a8c00000, 0x00000000a8d00000, 0x00000000a8d00000|100%|HC|  |TAMS 0x00000000a8c00000, 0x00000000a8c00000| Complete 
| 141|0x00000000a8d00000, 0x00000000a8e00000, 0x00000000a8e00000|100%|HC|  |TAMS 0x00000000a8d00000, 0x00000000a8d00000| Complete 
| 142|0x00000000a8e00000, 0x00000000a8e00000, 0x00000000a8f00000|  0%| F|  |TAMS 0x00000000a8e00000, 0x00000000a8e00000| Untracked 
| 143|0x00000000a8f00000, 0x00000000a8f00000, 0x00000000a9000000|  0%| F|  |TAMS 0x00000000a8f00000, 0x00000000a8f00000| Untracked 
| 144|0x00000000a9000000, 0x00000000a9000000, 0x00000000a9100000|  0%| F|  |TAMS 0x00000000a9000000, 0x00000000a9000000| Untracked 
| 145|0x00000000a9100000, 0x00000000a9100000, 0x00000000a9200000|  0%| F|  |TAMS 0x00000000a9100000, 0x00000000a9100000| Untracked 
| 146|0x00000000a9200000, 0x00000000a9200000, 0x00000000a9300000|  0%| F|  |TAMS 0x00000000a9200000, 0x00000000a9200000| Untracked 
| 147|0x00000000a9300000, 0x00000000a9300000, 0x00000000a9400000|  0%| F|  |TAMS 0x00000000a9300000, 0x00000000a9300000| Untracked 
| 148|0x00000000a9400000, 0x00000000a9400000, 0x00000000a9500000|  0%| F|  |TAMS 0x00000000a9400000, 0x00000000a9400000| Untracked 
| 149|0x00000000a9500000, 0x00000000a9500000, 0x00000000a9600000|  0%| F|  |TAMS 0x00000000a9500000, 0x00000000a9500000| Untracked 
| 150|0x00000000a9600000, 0x00000000a9600000, 0x00000000a9700000|  0%| F|  |TAMS 0x00000000a9600000, 0x00000000a9600000| Untracked 
| 151|0x00000000a9700000, 0x00000000a9700000, 0x00000000a9800000|  0%| F|  |TAMS 0x00000000a9700000, 0x00000000a9700000| Untracked 
| 152|0x00000000a9800000, 0x00000000a9800000, 0x00000000a9900000|  0%| F|  |TAMS 0x00000000a9800000, 0x00000000a9800000| Untracked 
| 153|0x00000000a9900000, 0x00000000a9900000, 0x00000000a9a00000|  0%| F|  |TAMS 0x00000000a9900000, 0x00000000a9900000| Untracked 
| 154|0x00000000a9a00000, 0x00000000a9a00000, 0x00000000a9b00000|  0%| F|  |TAMS 0x00000000a9a00000, 0x00000000a9a00000| Untracked 
| 155|0x00000000a9b00000, 0x00000000a9b00000, 0x00000000a9c00000|  0%| F|  |TAMS 0x00000000a9b00000, 0x00000000a9b00000| Untracked 
| 156|0x00000000a9c00000, 0x00000000a9c00000, 0x00000000a9d00000|  0%| F|  |TAMS 0x00000000a9c00000, 0x00000000a9c00000| Untracked 
| 157|0x00000000a9d00000, 0x00000000a9d00000, 0x00000000a9e00000|  0%| F|  |TAMS 0x00000000a9d00000, 0x00000000a9d00000| Untracked 
| 158|0x00000000a9e00000, 0x00000000a9e00000, 0x00000000a9f00000|  0%| F|  |TAMS 0x00000000a9e00000, 0x00000000a9e00000| Untracked 
| 159|0x00000000a9f00000, 0x00000000a9f00000, 0x00000000aa000000|  0%| F|  |TAMS 0x00000000a9f00000, 0x00000000a9f00000| Untracked 
| 160|0x00000000aa000000, 0x00000000aa000000, 0x00000000aa100000|  0%| F|  |TAMS 0x00000000aa000000, 0x00000000aa000000| Untracked 
| 161|0x00000000aa100000, 0x00000000aa100000, 0x00000000aa200000|  0%| F|  |TAMS 0x00000000aa100000, 0x00000000aa100000| Untracked 
| 162|0x00000000aa200000, 0x00000000aa200000, 0x00000000aa300000|  0%| F|  |TAMS 0x00000000aa200000, 0x00000000aa200000| Untracked 
| 163|0x00000000aa300000, 0x00000000aa300000, 0x00000000aa400000|  0%| F|  |TAMS 0x00000000aa300000, 0x00000000aa300000| Untracked 
| 164|0x00000000aa400000, 0x00000000aa400000, 0x00000000aa500000|  0%| F|  |TAMS 0x00000000aa400000, 0x00000000aa400000| Untracked 
| 165|0x00000000aa500000, 0x00000000aa500000, 0x00000000aa600000|  0%| F|  |TAMS 0x00000000aa500000, 0x00000000aa500000| Untracked 
| 166|0x00000000aa600000, 0x00000000aa600000, 0x00000000aa700000|  0%| F|  |TAMS 0x00000000aa600000, 0x00000000aa600000| Untracked 
| 167|0x00000000aa700000, 0x00000000aa700000, 0x00000000aa800000|  0%| F|  |TAMS 0x00000000aa700000, 0x00000000aa700000| Untracked 
| 168|0x00000000aa800000, 0x00000000aa800000, 0x00000000aa900000|  0%| F|  |TAMS 0x00000000aa800000, 0x00000000aa800000| Untracked 
| 169|0x00000000aa900000, 0x00000000aa900000, 0x00000000aaa00000|  0%| F|  |TAMS 0x00000000aa900000, 0x00000000aa900000| Untracked 
| 170|0x00000000aaa00000, 0x00000000aaa00000, 0x00000000aab00000|  0%| F|  |TAMS 0x00000000aaa00000, 0x00000000aaa00000| Untracked 
| 171|0x00000000aab00000, 0x00000000aab00000, 0x00000000aac00000|  0%| F|  |TAMS 0x00000000aab00000, 0x00000000aab00000| Untracked 
| 172|0x00000000aac00000, 0x00000000aac00000, 0x00000000aad00000|  0%| F|  |TAMS 0x00000000aac00000, 0x00000000aac00000| Untracked 
| 173|0x00000000aad00000, 0x00000000aad00000, 0x00000000aae00000|  0%| F|  |TAMS 0x00000000aad00000, 0x00000000aad00000| Untracked 
| 174|0x00000000aae00000, 0x00000000aae00000, 0x00000000aaf00000|  0%| F|  |TAMS 0x00000000aae00000, 0x00000000aae00000| Untracked 
| 175|0x00000000aaf00000, 0x00000000aaf00000, 0x00000000ab000000|  0%| F|  |TAMS 0x00000000aaf00000, 0x00000000aaf00000| Untracked 
| 176|0x00000000ab000000, 0x00000000ab000000, 0x00000000ab100000|  0%| F|  |TAMS 0x00000000ab000000, 0x00000000ab000000| Untracked 
| 177|0x00000000ab100000, 0x00000000ab100000, 0x00000000ab200000|  0%| F|  |TAMS 0x00000000ab100000, 0x00000000ab100000| Untracked 
| 178|0x00000000ab200000, 0x00000000ab200000, 0x00000000ab300000|  0%| F|  |TAMS 0x00000000ab200000, 0x00000000ab200000| Untracked 
| 179|0x00000000ab300000, 0x00000000ab300000, 0x00000000ab400000|  0%| F|  |TAMS 0x00000000ab300000, 0x00000000ab300000| Untracked 
| 180|0x00000000ab400000, 0x00000000ab400000, 0x00000000ab500000|  0%| F|  |TAMS 0x00000000ab400000, 0x00000000ab400000| Untracked 
| 181|0x00000000ab500000, 0x00000000ab500000, 0x00000000ab600000|  0%| F|  |TAMS 0x00000000ab500000, 0x00000000ab500000| Untracked 
| 182|0x00000000ab600000, 0x00000000ab600000, 0x00000000ab700000|  0%| F|  |TAMS 0x00000000ab600000, 0x00000000ab600000| Untracked 
| 183|0x00000000ab700000, 0x00000000ab700000, 0x00000000ab800000|  0%| F|  |TAMS 0x00000000ab700000, 0x00000000ab700000| Untracked 
| 184|0x00000000ab800000, 0x00000000ab800000, 0x00000000ab900000|  0%| F|  |TAMS 0x00000000ab800000, 0x00000000ab800000| Untracked 
| 185|0x00000000ab900000, 0x00000000ab900000, 0x00000000aba00000|  0%| F|  |TAMS 0x00000000ab900000, 0x00000000ab900000| Untracked 
| 186|0x00000000aba00000, 0x00000000aba00000, 0x00000000abb00000|  0%| F|  |TAMS 0x00000000aba00000, 0x00000000aba00000| Untracked 
| 187|0x00000000abb00000, 0x00000000abb00000, 0x00000000abc00000|  0%| F|  |TAMS 0x00000000abb00000, 0x00000000abb00000| Untracked 
| 188|0x00000000abc00000, 0x00000000abc00000, 0x00000000abd00000|  0%| F|  |TAMS 0x00000000abc00000, 0x00000000abc00000| Untracked 
| 189|0x00000000abd00000, 0x00000000abd00000, 0x00000000abe00000|  0%| F|  |TAMS 0x00000000abd00000, 0x00000000abd00000| Untracked 
| 190|0x00000000abe00000, 0x00000000abe00000, 0x00000000abf00000|  0%| F|  |TAMS 0x00000000abe00000, 0x00000000abe00000| Untracked 
| 191|0x00000000abf00000, 0x00000000abf00000, 0x00000000ac000000|  0%| F|  |TAMS 0x00000000abf00000, 0x00000000abf00000| Untracked 
| 192|0x00000000ac000000, 0x00000000ac000000, 0x00000000ac100000|  0%| F|  |TAMS 0x00000000ac000000, 0x00000000ac000000| Untracked 
| 193|0x00000000ac100000, 0x00000000ac100000, 0x00000000ac200000|  0%| F|  |TAMS 0x00000000ac100000, 0x00000000ac100000| Untracked 
| 194|0x00000000ac200000, 0x00000000ac200000, 0x00000000ac300000|  0%| F|  |TAMS 0x00000000ac200000, 0x00000000ac200000| Untracked 
| 195|0x00000000ac300000, 0x00000000ac300000, 0x00000000ac400000|  0%| F|  |TAMS 0x00000000ac300000, 0x00000000ac300000| Untracked 
| 196|0x00000000ac400000, 0x00000000ac400000, 0x00000000ac500000|  0%| F|  |TAMS 0x00000000ac400000, 0x00000000ac400000| Untracked 
| 197|0x00000000ac500000, 0x00000000ac500000, 0x00000000ac600000|  0%| F|  |TAMS 0x00000000ac500000, 0x00000000ac500000| Untracked 
| 198|0x00000000ac600000, 0x00000000ac600000, 0x00000000ac700000|  0%| F|  |TAMS 0x00000000ac600000, 0x00000000ac600000| Untracked 
| 199|0x00000000ac700000, 0x00000000ac700000, 0x00000000ac800000|  0%| F|  |TAMS 0x00000000ac700000, 0x00000000ac700000| Untracked 
| 200|0x00000000ac800000, 0x00000000ac800000, 0x00000000ac900000|  0%| F|  |TAMS 0x00000000ac800000, 0x00000000ac800000| Untracked 
| 201|0x00000000ac900000, 0x00000000ac900000, 0x00000000aca00000|  0%| F|  |TAMS 0x00000000ac900000, 0x00000000ac900000| Untracked 
| 202|0x00000000aca00000, 0x00000000aca00000, 0x00000000acb00000|  0%| F|  |TAMS 0x00000000aca00000, 0x00000000aca00000| Untracked 
| 203|0x00000000acb00000, 0x00000000acb00000, 0x00000000acc00000|  0%| F|  |TAMS 0x00000000acb00000, 0x00000000acb00000| Untracked 
| 204|0x00000000acc00000, 0x00000000acc00000, 0x00000000acd00000|  0%| F|  |TAMS 0x00000000acc00000, 0x00000000acc00000| Untracked 
| 205|0x00000000acd00000, 0x00000000acd00000, 0x00000000ace00000|  0%| F|  |TAMS 0x00000000acd00000, 0x00000000acd00000| Untracked 
| 206|0x00000000ace00000, 0x00000000ace00000, 0x00000000acf00000|  0%| F|  |TAMS 0x00000000ace00000, 0x00000000ace00000| Untracked 
| 207|0x00000000acf00000, 0x00000000acf00000, 0x00000000ad000000|  0%| F|  |TAMS 0x00000000acf00000, 0x00000000acf00000| Untracked 
| 208|0x00000000ad000000, 0x00000000ad000000, 0x00000000ad100000|  0%| F|  |TAMS 0x00000000ad000000, 0x00000000ad000000| Untracked 
| 209|0x00000000ad100000, 0x00000000ad1ed160, 0x00000000ad200000| 92%| S|CS|TAMS 0x00000000ad100000, 0x00000000ad100000| Complete 
| 210|0x00000000ad200000, 0x00000000ad300000, 0x00000000ad300000|100%| S|CS|TAMS 0x00000000ad200000, 0x00000000ad200000| Complete 
| 211|0x00000000ad300000, 0x00000000ad400000, 0x00000000ad400000|100%| S|CS|TAMS 0x00000000ad300000, 0x00000000ad300000| Complete 
| 212|0x00000000ad400000, 0x00000000ad500000, 0x00000000ad500000|100%| S|CS|TAMS 0x00000000ad400000, 0x00000000ad400000| Complete 
| 213|0x00000000ad500000, 0x00000000ad500000, 0x00000000ad600000|  0%| F|  |TAMS 0x00000000ad500000, 0x00000000ad500000| Untracked 
| 214|0x00000000ad600000, 0x00000000ad600000, 0x00000000ad700000|  0%| F|  |TAMS 0x00000000ad600000, 0x00000000ad600000| Untracked 
| 215|0x00000000ad700000, 0x00000000ad700000, 0x00000000ad800000|  0%| F|  |TAMS 0x00000000ad700000, 0x00000000ad700000| Untracked 
| 216|0x00000000ad800000, 0x00000000ad800000, 0x00000000ad900000|  0%| F|  |TAMS 0x00000000ad800000, 0x00000000ad800000| Untracked 
| 217|0x00000000ad900000, 0x00000000ad900000, 0x00000000ada00000|  0%| F|  |TAMS 0x00000000ad900000, 0x00000000ad900000| Untracked 
| 218|0x00000000ada00000, 0x00000000ada00000, 0x00000000adb00000|  0%| F|  |TAMS 0x00000000ada00000, 0x00000000ada00000| Untracked 
| 219|0x00000000adb00000, 0x00000000adb00000, 0x00000000adc00000|  0%| F|  |TAMS 0x00000000adb00000, 0x00000000adb00000| Untracked 
| 220|0x00000000adc00000, 0x00000000adc00000, 0x00000000add00000|  0%| F|  |TAMS 0x00000000adc00000, 0x00000000adc00000| Untracked 
| 221|0x00000000add00000, 0x00000000add00000, 0x00000000ade00000|  0%| F|  |TAMS 0x00000000add00000, 0x00000000add00000| Untracked 
| 222|0x00000000ade00000, 0x00000000ade00000, 0x00000000adf00000|  0%| F|  |TAMS 0x00000000ade00000, 0x00000000ade00000| Untracked 
| 223|0x00000000adf00000, 0x00000000adf00000, 0x00000000ae000000|  0%| F|  |TAMS 0x00000000adf00000, 0x00000000adf00000| Untracked 
| 224|0x00000000ae000000, 0x00000000ae000000, 0x00000000ae100000|  0%| F|  |TAMS 0x00000000ae000000, 0x00000000ae000000| Untracked 
| 225|0x00000000ae100000, 0x00000000ae100000, 0x00000000ae200000|  0%| F|  |TAMS 0x00000000ae100000, 0x00000000ae100000| Untracked 
| 226|0x00000000ae200000, 0x00000000ae200000, 0x00000000ae300000|  0%| F|  |TAMS 0x00000000ae200000, 0x00000000ae200000| Untracked 
| 227|0x00000000ae300000, 0x00000000ae300000, 0x00000000ae400000|  0%| F|  |TAMS 0x00000000ae300000, 0x00000000ae300000| Untracked 
| 228|0x00000000ae400000, 0x00000000ae400000, 0x00000000ae500000|  0%| F|  |TAMS 0x00000000ae400000, 0x00000000ae400000| Untracked 
| 229|0x00000000ae500000, 0x00000000ae500000, 0x00000000ae600000|  0%| F|  |TAMS 0x00000000ae500000, 0x00000000ae500000| Untracked 
| 230|0x00000000ae600000, 0x00000000ae600000, 0x00000000ae700000|  0%| F|  |TAMS 0x00000000ae600000, 0x00000000ae600000| Untracked 
| 231|0x00000000ae700000, 0x00000000ae700000, 0x00000000ae800000|  0%| F|  |TAMS 0x00000000ae700000, 0x00000000ae700000| Untracked 
| 232|0x00000000ae800000, 0x00000000ae800000, 0x00000000ae900000|  0%| F|  |TAMS 0x00000000ae800000, 0x00000000ae800000| Untracked 
| 233|0x00000000ae900000, 0x00000000ae900000, 0x00000000aea00000|  0%| F|  |TAMS 0x00000000ae900000, 0x00000000ae900000| Untracked 
| 234|0x00000000aea00000, 0x00000000aea00000, 0x00000000aeb00000|  0%| F|  |TAMS 0x00000000aea00000, 0x00000000aea00000| Untracked 
| 235|0x00000000aeb00000, 0x00000000aeb00000, 0x00000000aec00000|  0%| F|  |TAMS 0x00000000aeb00000, 0x00000000aeb00000| Untracked 
| 236|0x00000000aec00000, 0x00000000aec00000, 0x00000000aed00000|  0%| F|  |TAMS 0x00000000aec00000, 0x00000000aec00000| Untracked 
| 237|0x00000000aed00000, 0x00000000aee00000, 0x00000000aee00000|100%| E|  |TAMS 0x00000000aed00000, 0x00000000aed00000| Complete 
| 238|0x00000000aee00000, 0x00000000aef00000, 0x00000000aef00000|100%| E|CS|TAMS 0x00000000aee00000, 0x00000000aee00000| Complete 
| 239|0x00000000aef00000, 0x00000000af000000, 0x00000000af000000|100%| E|CS|TAMS 0x00000000aef00000, 0x00000000aef00000| Complete 
| 240|0x00000000af000000, 0x00000000af100000, 0x00000000af100000|100%| E|CS|TAMS 0x00000000af000000, 0x00000000af000000| Complete 
| 241|0x00000000af100000, 0x00000000af200000, 0x00000000af200000|100%| E|CS|TAMS 0x00000000af100000, 0x00000000af100000| Complete 
| 242|0x00000000af200000, 0x00000000af300000, 0x00000000af300000|100%| E|CS|TAMS 0x00000000af200000, 0x00000000af200000| Complete 
| 243|0x00000000af300000, 0x00000000af400000, 0x00000000af400000|100%| E|CS|TAMS 0x00000000af300000, 0x00000000af300000| Complete 
| 244|0x00000000af400000, 0x00000000af500000, 0x00000000af500000|100%| E|CS|TAMS 0x00000000af400000, 0x00000000af400000| Complete 
| 245|0x00000000af500000, 0x00000000af600000, 0x00000000af600000|100%| E|CS|TAMS 0x00000000af500000, 0x00000000af500000| Complete 
| 246|0x00000000af600000, 0x00000000af700000, 0x00000000af700000|100%| E|CS|TAMS 0x00000000af600000, 0x00000000af600000| Complete 
| 247|0x00000000af700000, 0x00000000af800000, 0x00000000af800000|100%| E|CS|TAMS 0x00000000af700000, 0x00000000af700000| Complete 
| 248|0x00000000af800000, 0x00000000af900000, 0x00000000af900000|100%| E|CS|TAMS 0x00000000af800000, 0x00000000af800000| Complete 
| 249|0x00000000af900000, 0x00000000afa00000, 0x00000000afa00000|100%| E|CS|TAMS 0x00000000af900000, 0x00000000af900000| Complete 
| 250|0x00000000afa00000, 0x00000000afb00000, 0x00000000afb00000|100%| E|CS|TAMS 0x00000000afa00000, 0x00000000afa00000| Complete 
| 251|0x00000000afb00000, 0x00000000afc00000, 0x00000000afc00000|100%| E|CS|TAMS 0x00000000afb00000, 0x00000000afb00000| Complete 
| 252|0x00000000afc00000, 0x00000000afd00000, 0x00000000afd00000|100%| E|CS|TAMS 0x00000000afc00000, 0x00000000afc00000| Complete 
| 253|0x00000000afd00000, 0x00000000afe00000, 0x00000000afe00000|100%| E|CS|TAMS 0x00000000afd00000, 0x00000000afd00000| Complete 
| 254|0x00000000afe00000, 0x00000000aff00000, 0x00000000aff00000|100%| E|CS|TAMS 0x00000000afe00000, 0x00000000afe00000| Complete 
| 255|0x00000000aff00000, 0x00000000b0000000, 0x00000000b0000000|100%| E|CS|TAMS 0x00000000aff00000, 0x00000000aff00000| Complete 

Card table byte_map: [0x000001d217930000,0x000001d217c30000] _byte_map_base: 0x000001d217430000

Marking Bits (Prev, Next): (CMBitMap*) 0x000001d202903a50, (CMBitMap*) 0x000001d202903a18
 Prev Bits: [0x000001d219730000, 0x000001d21af30000)
 Next Bits: [0x000001d217f30000, 0x000001d219730000)

Polling page: 0x000001d2029b0000

Metaspace:

Usage:
  Non-class:    103.83 MB capacity,   101.89 MB ( 98%) used,     1.68 MB (  2%) free+waste,   269.38 KB ( <1%) overhead. 
      Class:     14.37 MB capacity,    13.55 MB ( 94%) used,   725.73 KB (  5%) free+waste,   116.88 KB ( <1%) overhead. 
       Both:    118.20 MB capacity,   115.44 MB ( 98%) used,     2.38 MB (  2%) free+waste,   386.25 KB ( <1%) overhead. 

Virtual space:
  Non-class space:      104.00 MB reserved,     104.00 MB (100%) committed 
      Class space:        1.00 GB reserved,      14.38 MB (  1%) committed 
             Both:        1.10 GB reserved,     118.38 MB ( 10%) committed 

Chunk freelists:
   Non-Class:  48.00 KB
       Class:  3.00 KB
        Both:  51.00 KB

MaxMetaspaceSize: 17179869184.00 GB
CompressedClassSpaceSize: 1.00 GB
Initial GC threshold: 20.80 MB
Current GC threshold: 196.46 MB
CDS: off

CodeHeap 'non-profiled nmethods': size=120000Kb used=14184Kb max_used=14553Kb free=105815Kb
 bounds [0x000001d20f690000, 0x000001d2104d0000, 0x000001d216bc0000]
CodeHeap 'profiled nmethods': size=120000Kb used=38818Kb max_used=39517Kb free=81181Kb
 bounds [0x000001d208160000, 0x000001d20a830000, 0x000001d20f690000]
CodeHeap 'non-nmethods': size=5760Kb used=2518Kb max_used=2574Kb free=3241Kb
 bounds [0x000001d207bc0000, 0x000001d207e50000, 0x000001d208160000]
 total_blobs=17707 nmethods=16628 adapters=990
 compilation: enabled
              stopped_count=0, restarted_count=0
 full_count=0

Compilation events (20 events):
Event: 543.566 Thread 0x000001d21e2e6800 18750   !   2       sun.nio.fs.WindowsFileSystemProvider::checkAccess (294 bytes)
Event: 543.568 Thread 0x000001d21e2e6800 nmethod 18750 0x000001d208518410 code [0x000001d208518720, 0x000001d208519478]
Event: 543.575 Thread 0x000001d21e2e6800 18752       3       com.sun.tools.javac.file.CacheFSInfo::getEntry (76 bytes)
Event: 543.576 Thread 0x000001d21e2e6800 nmethod 18752 0x000001d2087d0210 code [0x000001d2087d04a0, 0x000001d2087d10f8]
Event: 543.586 Thread 0x000001d21e2e6800 18753       3       com.sun.tools.javac.file.RelativePath::hashCode (8 bytes)
Event: 543.586 Thread 0x000001d21e2e6800 nmethod 18753 0x000001d208f91d10 code [0x000001d208f91ec0, 0x000001d208f91fe8]
Event: 543.601 Thread 0x000001d21e2e6800 18754       3       com.sun.tools.javac.file.RelativePath::<init> (10 bytes)
Event: 543.601 Thread 0x000001d21e2e6800 nmethod 18754 0x000001d208fbb110 code [0x000001d208fbb2c0, 0x000001d208fbb478]
Event: 543.606 Thread 0x000001d21e2e6800 18755       3       java.util.jar.Manifest$FastInputStream::readLine (296 bytes)
Event: 543.607 Thread 0x000001d21e2e6800 nmethod 18755 0x000001d2086aec10 code [0x000001d2086aee40, 0x000001d2086af728]
Event: 543.607 Thread 0x000001d21e2e6800 18758       3       jdk.nio.zipfs.ZipPath::compareTo (95 bytes)
Event: 543.608 Thread 0x000001d21e2e6800 nmethod 18758 0x000001d208c88290 code [0x000001d208c884c0, 0x000001d208c88c98]
Event: 543.608 Thread 0x000001d21e2e6800 18760   !   2       sun.nio.fs.WindowsFileSystemProvider::checkReadAccess (48 bytes)
Event: 543.608 Thread 0x000001d21e2e6800 nmethod 18760 0x000001d209263a10 code [0x000001d209263c20, 0x000001d209263ef8]
Event: 543.608 Thread 0x000001d21e2e6800 18756       3       jdk.nio.zipfs.ZipPath::relativize (314 bytes)
Event: 543.610 Thread 0x000001d21e2e6800 nmethod 18756 0x000001d2087ed890 code [0x000001d2087edbe0, 0x000001d2087ef198]
Event: 543.610 Thread 0x000001d21e2e6800 18757       3       jdk.nio.zipfs.ZipPath::equals (42 bytes)
Event: 543.610 Thread 0x000001d21e2e6800 nmethod 18757 0x000001d2082da110 code [0x000001d2082da300, 0x000001d2082da828]
Event: 543.610 Thread 0x000001d21e2e6800 18759       3       java.nio.file.SimpleFileVisitor::postVisitDirectory (15 bytes)
Event: 543.610 Thread 0x000001d21e2e6800 nmethod 18759 0x000001d209545710 code [0x000001d2095458e0, 0x000001d209545b88]

GC Heap History (20 events):
Event: 534.428 GC heap before
{Heap before GC invocations=50 (full 0):
 garbage-first heap   total 262144K, used 136280K [0x00000000a0000000, 0x0000000100000000)
  region size 1024K, 12 young (12288K), 9 survivors (9216K)
 Metaspace       used 104240K, capacity 106642K, committed 106752K, reserved 1142784K
  class space    used 12326K, capacity 13029K, committed 13056K, reserved 1048576K
}
Event: 534.435 GC heap after
{Heap after GC invocations=51 (full 0):
 garbage-first heap   total 262144K, used 131965K [0x00000000a0000000, 0x0000000100000000)
  region size 1024K, 1 young (1024K), 1 survivors (1024K)
 Metaspace       used 104240K, capacity 106642K, committed 106752K, reserved 1142784K
  class space    used 12326K, capacity 13029K, committed 13056K, reserved 1048576K
}
Event: 535.075 GC heap before
{Heap before GC invocations=51 (full 0):
 garbage-first heap   total 262144K, used 211837K [0x00000000a0000000, 0x0000000100000000)
  region size 1024K, 80 young (81920K), 1 survivors (1024K)
 Metaspace       used 104927K, capacity 107453K, committed 107648K, reserved 1144832K
  class space    used 12410K, capacity 13150K, committed 13184K, reserved 1048576K
}
Event: 535.081 GC heap after
{Heap after GC invocations=52 (full 0):
 garbage-first heap   total 262144K, used 133170K [0x00000000a0000000, 0x0000000100000000)
  region size 1024K, 3 young (3072K), 3 survivors (3072K)
 Metaspace       used 104927K, capacity 107453K, committed 107648K, reserved 1144832K
  class space    used 12410K, capacity 13150K, committed 13184K, reserved 1048576K
}
Event: 537.504 GC heap before
{Heap before GC invocations=53 (full 0):
 garbage-first heap   total 262144K, used 214066K [0x00000000a0000000, 0x0000000100000000)
  region size 1024K, 83 young (84992K), 3 survivors (3072K)
 Metaspace       used 106386K, capacity 108958K, committed 109056K, reserved 1144832K
  class space    used 12560K, capacity 13311K, committed 13312K, reserved 1048576K
}
Event: 537.511 GC heap after
{Heap after GC invocations=54 (full 0):
 garbage-first heap   total 262144K, used 140203K [0x00000000a0000000, 0x0000000100000000)
  region size 1024K, 10 young (10240K), 10 survivors (10240K)
 Metaspace       used 106386K, capacity 108958K, committed 109056K, reserved 1144832K
  class space    used 12560K, capacity 13311K, committed 13312K, reserved 1048576K
}
Event: 537.544 GC heap before
{Heap before GC invocations=54 (full 0):
 garbage-first heap   total 262144K, used 142251K [0x00000000a0000000, 0x0000000100000000)
  region size 1024K, 12 young (12288K), 10 survivors (10240K)
 Metaspace       used 106456K, capacity 108961K, committed 109056K, reserved 1144832K
  class space    used 12565K, capacity 13312K, committed 13312K, reserved 1048576K
}
Event: 537.553 GC heap after
{Heap after GC invocations=55 (full 0):
 garbage-first heap   total 262144K, used 133761K [0x00000000a0000000, 0x0000000100000000)
  region size 1024K, 2 young (2048K), 2 survivors (2048K)
 Metaspace       used 106456K, capacity 108961K, committed 109056K, reserved 1144832K
  class space    used 12565K, capacity 13312K, committed 13312K, reserved 1048576K
}
Event: 539.640 GC heap before
{Heap before GC invocations=55 (full 0):
 garbage-first heap   total 262144K, used 221825K [0x00000000a0000000, 0x0000000100000000)
  region size 1024K, 80 young (81920K), 2 survivors (2048K)
 Metaspace       used 110693K, capacity 113353K, committed 113664K, reserved 1148928K
  class space    used 12983K, capacity 13761K, committed 13824K, reserved 1048576K
}
Event: 539.647 GC heap after
{Heap after GC invocations=56 (full 0):
 garbage-first heap   total 262144K, used 139234K [0x00000000a0000000, 0x0000000100000000)
  region size 1024K, 6 young (6144K), 6 survivors (6144K)
 Metaspace       used 110693K, capacity 113353K, committed 113664K, reserved 1148928K
  class space    used 12983K, capacity 13761K, committed 13824K, reserved 1048576K
}
Event: 541.224 GC heap before
{Heap before GC invocations=57 (full 0):
 garbage-first heap   total 262144K, used 213986K [0x00000000a0000000, 0x0000000100000000)
  region size 1024K, 80 young (81920K), 6 survivors (6144K)
 Metaspace       used 111445K, capacity 114155K, committed 114304K, reserved 1148928K
  class space    used 13055K, capacity 13871K, committed 13952K, reserved 1048576K
}
Event: 541.230 GC heap after
{Heap after GC invocations=58 (full 0):
 garbage-first heap   total 262144K, used 138848K [0x00000000a0000000, 0x0000000100000000)
  region size 1024K, 1 young (1024K), 1 survivors (1024K)
 Metaspace       used 111445K, capacity 114155K, committed 114304K, reserved 1148928K
  class space    used 13055K, capacity 13871K, committed 13952K, reserved 1048576K
}
Event: 541.302 GC heap before
{Heap before GC invocations=58 (full 0):
 garbage-first heap   total 262144K, used 149088K [0x00000000a0000000, 0x0000000100000000)
  region size 1024K, 12 young (12288K), 1 survivors (1024K)
 Metaspace       used 111446K, capacity 114155K, committed 114304K, reserved 1148928K
  class space    used 13055K, capacity 13871K, committed 13952K, reserved 1048576K
}
Event: 541.305 GC heap after
{Heap after GC invocations=59 (full 0):
 garbage-first heap   total 262144K, used 137827K [0x00000000a0000000, 0x0000000100000000)
  region size 1024K, 1 young (1024K), 1 survivors (1024K)
 Metaspace       used 111446K, capacity 114155K, committed 114304K, reserved 1148928K
  class space    used 13055K, capacity 13871K, committed 13952K, reserved 1048576K
}
Event: 541.641 GC heap before
{Heap before GC invocations=59 (full 0):
 garbage-first heap   total 262144K, used 217699K [0x00000000a0000000, 0x0000000100000000)
  region size 1024K, 79 young (80896K), 1 survivors (1024K)
 Metaspace       used 111449K, capacity 114155K, committed 114304K, reserved 1148928K
  class space    used 13055K, capacity 13871K, committed 13952K, reserved 1048576K
}
Event: 541.643 GC heap after
{Heap after GC invocations=60 (full 0):
 garbage-first heap   total 262144K, used 138109K [0x00000000a0000000, 0x0000000100000000)
  region size 1024K, 1 young (1024K), 1 survivors (1024K)
 Metaspace       used 111449K, capacity 114155K, committed 114304K, reserved 1148928K
  class space    used 13055K, capacity 13871K, committed 13952K, reserved 1048576K
}
Event: 541.939 GC heap before
{Heap before GC invocations=60 (full 0):
 garbage-first heap   total 262144K, used 219005K [0x00000000a0000000, 0x0000000100000000)
  region size 1024K, 80 young (81920K), 1 survivors (1024K)
 Metaspace       used 111449K, capacity 114155K, committed 114304K, reserved 1148928K
  class space    used 13055K, capacity 13871K, committed 13952K, reserved 1048576K
}
Event: 541.941 GC heap after
{Heap after GC invocations=61 (full 0):
 garbage-first heap   total 262144K, used 138469K [0x00000000a0000000, 0x0000000100000000)
  region size 1024K, 2 young (2048K), 2 survivors (2048K)
 Metaspace       used 111449K, capacity 114155K, committed 114304K, reserved 1148928K
  class space    used 13055K, capacity 13871K, committed 13952K, reserved 1048576K
}
Event: 543.148 GC heap before
{Heap before GC invocations=61 (full 0):
 garbage-first heap   total 262144K, used 180453K [0x00000000a0000000, 0x0000000100000000)
  region size 1024K, 45 young (46080K), 2 survivors (2048K)
 Metaspace       used 117740K, capacity 120540K, committed 120704K, reserved 1155072K
  class space    used 13830K, capacity 14702K, committed 14720K, reserved 1048576K
}
Event: 543.160 GC heap after
{Heap after GC invocations=62 (full 0):
 garbage-first heap   total 262144K, used 141222K [0x00000000a0000000, 0x0000000100000000)
  region size 1024K, 4 young (4096K), 4 survivors (4096K)
 Metaspace       used 117740K, capacity 120540K, committed 120704K, reserved 1155072K
  class space    used 13830K, capacity 14702K, committed 14720K, reserved 1048576K
}

Deoptimization events (20 events):
Event: 543.489 Thread 0x000001d2229b1800 Uncommon trap: trap_request=0xffffff4d fr.pc=0x000001d20f9af800 relative=0x0000000000000260
Event: 543.489 Thread 0x000001d2229b1800 Uncommon trap: reason=unstable_if action=reinterpret pc=0x000001d20f9af800 method=jdk.nio.zipfs.ZipPath.<init>(Ljdk/nio/zipfs/ZipFileSystem;[BZ)V @ 20 c2
Event: 543.489 Thread 0x000001d2229b1800 DEOPT PACKING pc=0x000001d20f9af800 sp=0x00000001475f9b40
Event: 543.489 Thread 0x000001d2229b1800 DEOPT UNPACKING pc=0x000001d207c0a1af sp=0x00000001475f9b10 mode 2
Event: 543.489 Thread 0x000001d2229b1800 Uncommon trap: trap_request=0xffffff4d fr.pc=0x000001d20fe5b774 relative=0x00000000000000d4
Event: 543.489 Thread 0x000001d2229b1800 Uncommon trap: reason=unstable_if action=reinterpret pc=0x000001d20fe5b774 method=jdk.nio.zipfs.ZipConstants.pkSigAt([BIII)Z @ 5 c2
Event: 543.489 Thread 0x000001d2229b1800 DEOPT PACKING pc=0x000001d20fe5b774 sp=0x00000001475f99a0
Event: 543.489 Thread 0x000001d2229b1800 DEOPT UNPACKING pc=0x000001d207c0a1af sp=0x00000001475f9948 mode 2
Event: 543.490 Thread 0x000001d2229b1800 Uncommon trap: trap_request=0xffffff4d fr.pc=0x000001d20fcf8e70 relative=0x0000000000000690
Event: 543.490 Thread 0x000001d2229b1800 Uncommon trap: reason=unstable_if action=reinterpret pc=0x000001d20fcf8e70 method=jdk.nio.zipfs.ZipPath.resolve([B)Ljdk/nio/zipfs/ZipPath; @ 26 c2
Event: 543.490 Thread 0x000001d2229b1800 DEOPT PACKING pc=0x000001d20fcf8e70 sp=0x00000001475f98f0
Event: 543.490 Thread 0x000001d2229b1800 DEOPT UNPACKING pc=0x000001d207c0a1af sp=0x00000001475f9858 mode 2
Event: 543.490 Thread 0x000001d2229b1800 Uncommon trap: trap_request=0xffffff4d fr.pc=0x000001d20fb0ee48 relative=0x0000000000000588
Event: 543.490 Thread 0x000001d2229b1800 Uncommon trap: reason=unstable_if action=reinterpret pc=0x000001d20fb0ee48 method=jdk.nio.zipfs.ZipPath.resolve([B)Ljdk/nio/zipfs/ZipPath; @ 26 c2
Event: 543.490 Thread 0x000001d2229b1800 DEOPT PACKING pc=0x000001d20fb0ee48 sp=0x00000001475f9860
Event: 543.490 Thread 0x000001d2229b1800 DEOPT UNPACKING pc=0x000001d207c0a1af sp=0x00000001475f9848 mode 2
Event: 543.490 Thread 0x000001d2229b1800 Uncommon trap: trap_request=0xffffff4d fr.pc=0x000001d20f9b0614 relative=0x0000000000000554
Event: 543.490 Thread 0x000001d2229b1800 Uncommon trap: reason=unstable_if action=reinterpret pc=0x000001d20f9b0614 method=jdk.nio.zipfs.ZipPath.getFileName()Ljdk/nio/zipfs/ZipPath; @ 12 c2
Event: 543.490 Thread 0x000001d2229b1800 DEOPT PACKING pc=0x000001d20f9b0614 sp=0x00000001475f9b40
Event: 543.490 Thread 0x000001d2229b1800 DEOPT UNPACKING pc=0x000001d207c0a1af sp=0x00000001475f9af8 mode 2

Classes redefined (0 events):
No events

Internal exceptions (20 events):
Event: 538.284 Thread 0x000001d2229b1800 Exception <a 'java/lang/NoSuchMethodError'{0x00000000ad289608}: <clinit>> (0x00000000ad289608) thrown at [./src/hotspot/share/prims/jni.cpp, line 1366]
Event: 538.285 Thread 0x000001d2229b1800 Exception <a 'java/lang/NoSuchMethodError'{0x00000000ad2a4950}: <clinit>> (0x00000000ad2a4950) thrown at [./src/hotspot/share/prims/jni.cpp, line 1366]
Event: 538.285 Thread 0x000001d2229b1800 Exception <a 'java/lang/NoSuchMethodError'{0x00000000ad2a7ad0}: <clinit>> (0x00000000ad2a7ad0) thrown at [./src/hotspot/share/prims/jni.cpp, line 1366]
Event: 538.285 Thread 0x000001d2229b1800 Exception <a 'java/lang/NoSuchMethodError'{0x00000000ad2b8390}: <clinit>> (0x00000000ad2b8390) thrown at [./src/hotspot/share/prims/jni.cpp, line 1366]
Event: 538.386 Thread 0x000001d226582800 Exception <a 'java/lang/NoSuchMethodError'{0x00000000ac9348f8}: 'void java.lang.invoke.DirectMethodHandle$Holder.invokeStatic(java.lang.Object, long)'> (0x00000000ac9348f8) thrown at [./src/hotspot/share/interpreter/linkResolver.cpp, line 773]
Event: 538.387 Thread 0x000001d226582800 Exception <a 'java/lang/NoSuchMethodError'{0x00000000ac3d79d0}: 'java.lang.Object java.lang.invoke.DirectMethodHandle$Holder.invokeStatic(java.lang.Object, long)'> (0x00000000ac3d79d0) thrown at [./src/hotspot/share/interpreter/linkResolver.cpp, line 773]
Event: 538.388 Thread 0x000001d226582800 Exception <a 'java/lang/NoSuchMethodError'{0x00000000ac3dacf8}: 'java.lang.Object java.lang.invoke.DirectMethodHandle$Holder.invokeSpecial(java.lang.Object, java.lang.Object, long)'> (0x00000000ac3dacf8) thrown at [./src/hotspot/share/interpreter/linkResolver.cpp, line 773]
Event: 538.390 Thread 0x000001d226582800 Exception <a 'java/lang/NoSuchMethodError'{0x00000000ac3e2790}: 'java.lang.Object java.lang.invoke.DirectMethodHandle$Holder.invokeStatic(java.lang.Object, java.lang.Object, long, java.lang.Object)'> (0x00000000ac3e2790) thrown at [./src/hotspot/share/interpreter/linkResolver.cpp, line 773]
Event: 538.390 Thread 0x000001d226582800 Exception <a 'java/lang/NoSuchMethodError'{0x00000000ac3e5878}: 'java.lang.Object java.lang.invoke.DirectMethodHandle$Holder.invokeStaticInit(java.lang.Object, java.lang.Object, long, java.lang.Object)'> (0x00000000ac3e5878) thrown at [./src/hotspot/share/interpreter/linkResolver.cpp, line 773]
Event: 539.845 Thread 0x000001d2229b1800 Exception <a 'java/lang/NoSuchMethodError'{0x00000000afb8ad60}: <clinit>> (0x00000000afb8ad60) thrown at [./src/hotspot/share/prims/jni.cpp, line 1366]
Event: 539.846 Thread 0x000001d2229b1800 Exception <a 'java/lang/NoSuchMethodError'{0x00000000afb9edc8}: <clinit>> (0x00000000afb9edc8) thrown at [./src/hotspot/share/prims/jni.cpp, line 1366]
Event: 539.848 Thread 0x000001d2229b1800 Exception <a 'java/lang/NoSuchMethodError'{0x00000000afbb2f90}: <clinit>> (0x00000000afbb2f90) thrown at [./src/hotspot/share/prims/jni.cpp, line 1366]
Event: 539.857 Thread 0x000001d2229b1800 Exception <a 'java/lang/NoSuchMethodError'{0x00000000afbd3820}: <clinit>> (0x00000000afbd3820) thrown at [./src/hotspot/share/prims/jni.cpp, line 1366]
Event: 542.631 Thread 0x000001d2229b1800 Exception <a 'java/lang/NoSuchMethodError'{0x00000000aed9b2b0}: 'java.lang.Object java.lang.invoke.Invokers$Holder.linkToTargetMethod(java.lang.Object, java.lang.Object, java.lang.Object, int, int, java.lang.Object)'> (0x00000000aed9b2b0) thrown at [./src/hotspot/share/interpreter/linkResolver.cpp, line 773]
Event: 542.640 Thread 0x000001d2229b1800 Exception <a 'sun/nio/fs/WindowsException'{0x00000000aec07d20}> (0x00000000aec07d20) thrown at [./src/hotspot/share/prims/jni.cpp, line 616]
Event: 542.640 Thread 0x000001d2229b1800 Exception <a 'sun/nio/fs/WindowsException'{0x00000000aec07e28}> (0x00000000aec07e28) thrown at [./src/hotspot/share/prims/jni.cpp, line 616]
Event: 542.641 Thread 0x000001d2229b1800 Exception <a 'java/lang/NoSuchMethodError'{0x00000000aec10378}: 'int java.lang.invoke.DirectMethodHandle$Holder.invokeVirtual(java.lang.Object, java.lang.Object, java.lang.Object)'> (0x00000000aec10378) thrown at [./src/hotspot/share/interpreter/linkResolver.cpp, line 773]
Event: 542.643 Thread 0x000001d2229b1800 Implicit null exception at 0x000001d20faf40f1 to 0x000001d20faf41ac
Event: 543.355 Thread 0x000001d2229b1800 Exception <a 'sun/nio/fs/WindowsException'{0x00000000af760348}> (0x00000000af760348) thrown at [./src/hotspot/share/prims/jni.cpp, line 616]
Event: 543.355 Thread 0x000001d2229b1800 Exception <a 'sun/nio/fs/WindowsException'{0x00000000af760428}> (0x00000000af760428) thrown at [./src/hotspot/share/prims/jni.cpp, line 616]

Events (20 events):
Event: 543.371 loading class sun/nio/fs/WindowsSecurity
Event: 543.371 loading class sun/nio/fs/WindowsSecurity done
Event: 543.371 loading class sun/nio/fs/WindowsFileStore
Event: 543.372 loading class sun/nio/fs/WindowsFileStore done
Event: 543.378 loading class java/nio/file/AccessDeniedException
Event: 543.379 loading class java/nio/file/AccessDeniedException done
Event: 543.413 loading class java/time/DateTimeException
Event: 543.413 loading class java/time/DateTimeException done
Event: 543.413 loading class java/util/regex/PatternSyntaxException
Event: 543.414 loading class java/util/regex/PatternSyntaxException done
Event: 543.415 loading class java/nio/file/SimpleFileVisitor
Event: 543.415 loading class java/nio/file/SimpleFileVisitor done
Event: 543.417 loading class java/nio/file/ClosedDirectoryStreamException
Event: 543.417 loading class java/nio/file/ClosedDirectoryStreamException done
Event: 543.417 loading class java/nio/file/DirectoryIteratorException
Event: 543.417 loading class java/nio/file/DirectoryIteratorException done
Event: 543.484 loading class com/sun/tools/javac/code/Symbol$PackageSymbol
Event: 543.484 loading class com/sun/tools/javac/code/Symbol$PackageSymbol done
Event: 543.484 loading class com/sun/tools/javac/code/ClassFinder
Event: 543.484 loading class com/sun/tools/javac/code/ClassFinder done


Dynamic libraries:
0x00007ff66c1d0000 - 0x00007ff66c1da000 	C:\Program Files\Android\Android Studio\jre\bin\java.exe
0x00007ffbed1f0000 - 0x00007ffbed3e8000 	C:\Windows\SYSTEM32\ntdll.dll
0x00007ffbeb3f0000 - 0x00007ffbeb4af000 	C:\Windows\System32\KERNEL32.DLL
0x00007ffbea9a0000 - 0x00007ffbeac72000 	C:\Windows\System32\KERNELBASE.dll
0x00007ffbeac80000 - 0x00007ffbead80000 	C:\Windows\System32\ucrtbase.dll
0x00007ffbdbb20000 - 0x00007ffbdbb39000 	C:\Program Files\Android\Android Studio\jre\bin\jli.dll
0x00007ffbdb730000 - 0x00007ffbdb747000 	C:\Program Files\Android\Android Studio\jre\bin\VCRUNTIME140.dll
0x00007ffbec3c0000 - 0x00007ffbec55d000 	C:\Windows\System32\USER32.dll
0x00007ffbeb060000 - 0x00007ffbeb082000 	C:\Windows\System32\win32u.dll
0x00007ffbdcef0000 - 0x00007ffbdd18a000 	C:\Windows\WinSxS\amd64_microsoft.windows.common-controls_6595b64144ccf1df_6.0.19041.1110_none_60b5254171f9507e\COMCTL32.dll
0x00007ffbece70000 - 0x00007ffbece9b000 	C:\Windows\System32\GDI32.dll
0x00007ffbecea0000 - 0x00007ffbecf3e000 	C:\Windows\System32\msvcrt.dll
0x00007ffbeaf20000 - 0x00007ffbeb02f000 	C:\Windows\System32\gdi32full.dll
0x00007ffbead80000 - 0x00007ffbeae1d000 	C:\Windows\System32\msvcp_win.dll
0x00007ffbeb4b0000 - 0x00007ffbeb4e2000 	C:\Windows\System32\IMM32.DLL
0x00007ffbc2bc0000 - 0x00007ffbc2c5d000 	C:\Program Files\Android\Android Studio\jre\bin\msvcp140.dll
0x00007ffb7bfa0000 - 0x00007ffb7caa2000 	C:\Program Files\Android\Android Studio\jre\bin\server\jvm.dll
0x00007ffbecff0000 - 0x00007ffbed09e000 	C:\Windows\System32\ADVAPI32.dll
0x00007ffbed0a0000 - 0x00007ffbed13c000 	C:\Windows\System32\sechost.dll
0x00007ffbebb90000 - 0x00007ffbebcb5000 	C:\Windows\System32\RPCRT4.dll
0x00007ffbece60000 - 0x00007ffbece68000 	C:\Windows\System32\PSAPI.DLL
0x00007ffbe5b10000 - 0x00007ffbe5b19000 	C:\Windows\SYSTEM32\WSOCK32.dll
0x00007ffbd46e0000 - 0x00007ffbd4707000 	C:\Windows\SYSTEM32\WINMM.dll
0x00007ffbe5730000 - 0x00007ffbe573a000 	C:\Windows\SYSTEM32\VERSION.dll
0x00007ffbed140000 - 0x00007ffbed1ab000 	C:\Windows\System32\WS2_32.dll
0x00007ffbe87d0000 - 0x00007ffbe87e2000 	C:\Windows\SYSTEM32\kernel.appcore.dll
0x00007ffbdbc80000 - 0x00007ffbdbc91000 	C:\Program Files\Android\Android Studio\jre\bin\verify.dll
0x00007ffbe4e00000 - 0x00007ffbe4fe4000 	C:\Windows\SYSTEM32\DBGHELP.DLL
0x00007ffbe4d60000 - 0x00007ffbe4d8c000 	C:\Windows\SYSTEM32\dbgcore.DLL
0x00007ffbeae20000 - 0x00007ffbeaea2000 	C:\Windows\System32\bcryptPrimitives.dll
0x00007ffbdbb60000 - 0x00007ffbdbb89000 	C:\Program Files\Android\Android Studio\jre\bin\java.dll
0x00007ffbe5a80000 - 0x00007ffbe5a8b000 	C:\Program Files\Android\Android Studio\jre\bin\jimage.dll
0x00007ffbdb820000 - 0x00007ffbdb838000 	C:\Program Files\Android\Android Studio\jre\bin\zip.dll
0x00007ffbec5c0000 - 0x00007ffbecd03000 	C:\Windows\System32\SHELL32.dll
0x00007ffbe89d0000 - 0x00007ffbe9162000 	C:\Windows\SYSTEM32\windows.storage.dll
0x00007ffbeb830000 - 0x00007ffbebb84000 	C:\Windows\System32\combase.dll
0x00007ffbea350000 - 0x00007ffbea380000 	C:\Windows\SYSTEM32\Wldp.dll
0x00007ffbecf40000 - 0x00007ffbecfed000 	C:\Windows\System32\SHCORE.dll
0x00007ffbebda0000 - 0x00007ffbebdf5000 	C:\Windows\System32\shlwapi.dll
0x00007ffbea830000 - 0x00007ffbea84f000 	C:\Windows\SYSTEM32\profapi.dll
0x00007ffbdab80000 - 0x00007ffbdab9a000 	C:\Program Files\Android\Android Studio\jre\bin\net.dll
0x00007ffbe4be0000 - 0x00007ffbe4cec000 	C:\Windows\SYSTEM32\WINHTTP.dll
0x00007ffbea0b0000 - 0x00007ffbea11a000 	C:\Windows\system32\mswsock.dll
0x00007ffbdab50000 - 0x00007ffbdab64000 	C:\Program Files\Android\Android Studio\jre\bin\nio.dll
0x00007ffbda8d0000 - 0x00007ffbda8f6000 	C:\Users\CG\.gradle\native\29\windows-amd64\native-platform.dll
0x00007ffbe5040000 - 0x00007ffbe504a000 	C:\Program Files\Android\Android Studio\jre\bin\management.dll
0x00007ffbdca20000 - 0x00007ffbdca2d000 	C:\Program Files\Android\Android Studio\jre\bin\management_ext.dll
0x00007ffbea2b0000 - 0x00007ffbea2c8000 	C:\Windows\SYSTEM32\CRYPTSP.dll
0x00007ffbe9960000 - 0x00007ffbe9994000 	C:\Windows\system32\rsaenh.dll
0x00007ffbeb030000 - 0x00007ffbeb057000 	C:\Windows\System32\bcrypt.dll
0x00007ffbea7f0000 - 0x00007ffbea81e000 	C:\Windows\SYSTEM32\USERENV.dll
0x00007ffbea2a0000 - 0x00007ffbea2ac000 	C:\Windows\SYSTEM32\CRYPTBASE.dll
0x00007ffbe9d50000 - 0x00007ffbe9d8b000 	C:\Windows\SYSTEM32\IPHLPAPI.DLL
0x00007ffbecd30000 - 0x00007ffbecd38000 	C:\Windows\System32\NSI.dll
0x00007ffbe59e0000 - 0x00007ffbe59f7000 	C:\Windows\SYSTEM32\dhcpcsvc6.DLL
0x00007ffbe59c0000 - 0x00007ffbe59dd000 	C:\Windows\SYSTEM32\dhcpcsvc.DLL
0x00007ffbe9d90000 - 0x00007ffbe9e5a000 	C:\Windows\SYSTEM32\DNSAPI.dll
0x00007ffbd3350000 - 0x00007ffbd3377000 	C:\Program Files\Android\Android Studio\jre\bin\sunec.dll
0x00007ffbe43a0000 - 0x00007ffbe43aa000 	C:\Windows\System32\rasadhlp.dll
0x00007ffbe34b0000 - 0x00007ffbe3530000 	C:\Windows\System32\fwpuclnt.dll
0x00007ffb803b0000 - 0x00007ffb80556000 	C:\Program Files\Android\Android Studio\jre\bin\awt.dll
0x00007ffbec270000 - 0x00007ffbec33d000 	C:\Windows\System32\OLEAUT32.dll
0x00007ffbe86c0000 - 0x00007ffbe86ef000 	C:\Windows\SYSTEM32\dwmapi.dll
0x00007ffbe7e20000 - 0x00007ffbe7eb1000 	C:\Windows\SYSTEM32\apphelp.dll
0x00007ffbe8300000 - 0x00007ffbe839e000 	C:\Windows\system32\uxtheme.dll

dbghelp: loaded successfully - version: 4.0.5 - missing functions: none
symbol engine: initialized successfully - sym options: 0x614 - pdb path: .;C:\Program Files\Android\Android Studio\jre\bin;C:\Windows\SYSTEM32;C:\Windows\WinSxS\amd64_microsoft.windows.common-controls_6595b64144ccf1df_6.0.19041.1110_none_60b5254171f9507e;C:\Program Files\Android\Android Studio\jre\bin\server;C:\Users\CG\.gradle\native\29\windows-amd64

VM Arguments:
jvm_args: --add-opens=java.base/java.util=ALL-UNNAMED --add-opens=java.base/java.lang=ALL-UNNAMED --add-opens=java.base/java.lang.invoke=ALL-UNNAMED --add-opens=java.prefs/java.util.prefs=ALL-UNNAMED -Xmx1536m -Dfile.encoding=x-windows-949 -Duser.country=KR -Duser.language=ko -Duser.variant 
java_command: org.gradle.launcher.daemon.bootstrap.GradleDaemon 5.4.1
java_class_path (initial): C:\Users\CG\.gradle\wrapper\dists\gradle-5.4.1-all\3221gyojl5jsh0helicew7rwx\gradle-5.4.1\lib\gradle-launcher-5.4.1.jar
Launcher Type: SUN_STANDARD

[Global flags]
     intx CICompilerCount                          = 4                                         {product} {ergonomic}
     uint ConcGCThreads                            = 2                                         {product} {ergonomic}
     uint G1ConcRefinementThreads                  = 8                                         {product} {ergonomic}
   size_t G1HeapRegionSize                         = 1048576                                   {product} {ergonomic}
    uintx GCDrainStackTargetSize                   = 64                                        {product} {ergonomic}
   size_t InitialHeapSize                          = 268435456                                 {product} {ergonomic}
   size_t MarkStackSize                            = 4194304                                   {product} {ergonomic}
   size_t MaxHeapSize                              = 1610612736                                {product} {command line}
   size_t MaxNewSize                               = 965738496                                 {product} {ergonomic}
   size_t MinHeapDeltaBytes                        = 1048576                                   {product} {ergonomic}
    uintx NonNMethodCodeHeapSize                   = 5836300                                {pd product} {ergonomic}
    uintx NonProfiledCodeHeapSize                  = 122910970                              {pd product} {ergonomic}
    uintx ProfiledCodeHeapSize                     = 122910970                              {pd product} {ergonomic}
    uintx ReservedCodeCacheSize                    = 251658240                              {pd product} {ergonomic}
     bool SegmentedCodeCache                       = true                                      {product} {ergonomic}
     bool UseCompressedClassPointers               = true                                 {lp64_product} {ergonomic}
     bool UseCompressedOops                        = true                                 {lp64_product} {ergonomic}
     bool UseG1GC                                  = true                                      {product} {ergonomic}
     bool UseLargePagesIndividualAllocation        = false                                  {pd product} {ergonomic}

Logging:
Log output configuration:
 #0: stdout all=warning uptime,level,tags
 #1: stderr all=off uptime,level,tags

Environment Variables:
JAVA_HOME=C:\Program Files (x86)\Java
PATH=C:\Program Files\Zulu\zulu-11\bin\;C:\Windows\system32;C:\Windows;C:\Windows\System32\Wbem;C:\Windows\System32\WindowsPowerShell\v1.0\;C:\Windows\System32\OpenSSH\;C:\Program Files\Git\cmd;C:\Program Files (x86)\Java\bin\;C:\Program Files\Bandizip\;C:\Program Files (x86)\nodejs\;C:\Program Files\MySQL\MySQL Shell 8.0\bin\;C:\Users\CG\AppData\Local\Microsoft\WindowsApps;C:\Users\CG\AppData\Local\Programs\Microsoft VS Code\bin;C:\flutter\bin;C:\Program Files\JetBrains\IntelliJ IDEA 2022.2.3\bin;;C:\Users\CG\AppData\Roaming\npm;C:\Users\CG\AppData\Local\GitHubDesktop\bin
USERNAME=CG
OS=Windows_NT
PROCESSOR_IDENTIFIER=Intel64 Family 6 Model 58 Stepping 9, GenuineIntel



---------------  S Y S T E M  ---------------

OS: Windows 10 , 64 bit Build 19041 (10.0.19041.2251)
OS uptime: 8 days 15:15 hours

CPU:total 8 (initial active 8) (4 cores per cpu, 2 threads per core) family 6 model 58 stepping 9 microcode 0x21, cmov, cx8, fxsr, mmx, sse, sse2, sse3, ssse3, sse4.1, sse4.2, popcnt, avx, aes, clmul, erms, ht, tsc, tscinvbit, tscinv

Memory: 4k page, system-wide physical 16267M (2178M free)
TotalPageFile size 31456M (AvailPageFile size 0M)
current process WorkingSet (physical memory assigned to process): 621M, peak: 631M
current process commit charge ("private bytes"): 657M, peak: 668M

vm_info: OpenJDK 64-Bit Server VM (11.0.13+0-b1751.21-8125866) for windows-amd64 JRE (11.0.13+0-b1751.21-8125866), built on Feb  2 2022 03:00:22 by "builder" with MS VC++ 14.0 (VS2015)

END.
